2024-04-06 02:04:27,968 [INFO] Starting folder setup process.
2024-04-06 02:04:27,972 [INFO] Folder setup process finished successfully.
2024-04-06 02:04:27,975 [INFO] All necessary datasets are downloaded.
2024-04-06 02:04:27,978 [INFO] Starting Exploratory Data Analysis (EDA)
2024-04-06 02:04:27,981 [INFO] Running analysis on DVORAK_CUSTOM dataset.
2024-04-06 02:04:27,987 [INFO] The DVORAK_CUSTOM dataset contains 4 classes.
2024-04-06 02:04:28,635 [INFO] Data classes in the DVORAK_CUSTOM dataset contain on average 16.25 videos.
2024-04-06 02:04:28,639 [INFO] Videos in the DVORAK_CUSTOM dataset contain on average 279.95 frame.
2024-04-06 02:04:28,644 [INFO] Frames in the DVORAK_CUSTOM dataset on average have the width of 720.0 .
2024-04-06 02:04:28,647 [INFO] Frames in the DVORAK_CUSTOM dataset on average have the height of 1280.0 .
2024-04-06 02:04:28,651 [INFO] Videos in the DVORAK_CUSTOM dataset contain on average have 29.86 FPS.
2024-04-06 02:04:29,278 [INFO] Finished Exploratory Data Analysis (EDA)
2024-04-06 02:04:29,281 [INFO] Started processing the DVORAK_CUSTOM dataset.
2024-04-06 02:04:29,283 [INFO] Loading processed data from pickle files.
2024-04-06 02:04:29,291 [INFO] Finished processing the DVORAK_CUSTOM dataset.
2024-04-06 02:04:29,299 [INFO] Building Human Activity Recognition Model - ConvLSTM variant.
2024-04-06 02:04:29,344 [INFO] Finished building Human Activity Recognition Model - ConvLSTM variant.
2024-04-06 02:04:29,351 [INFO] Model architecture: Model: "sequential_100"
┏━━━━━━━━━━━━━━━━━━━━━━━━━━━━━━━━━━━━━━┳━━━━━━━━━━━━━━━━━━━━━━━━━━━━━┳━━━━━━━━━━━━━━━━━┓
┃ Layer (type)                         ┃ Output Shape                ┃         Param # ┃
┡━━━━━━━━━━━━━━━━━━━━━━━━━━━━━━━━━━━━━━╇━━━━━━━━━━━━━━━━━━━━━━━━━━━━━╇━━━━━━━━━━━━━━━━━┩
│ conv_lstm2d_400 (ConvLSTM2D)         │ (None, 10, 30, 30, 4)       │           1,024 │
├──────────────────────────────────────┼─────────────────────────────┼─────────────────┤
│ max_pooling3d_400 (MaxPooling3D)     │ (None, 10, 15, 15, 4)       │               0 │
├──────────────────────────────────────┼─────────────────────────────┼─────────────────┤
│ time_distributed_300                 │ (None, 10, 15, 15, 4)       │               0 │
│ (TimeDistributed)                    │                             │                 │
├──────────────────────────────────────┼─────────────────────────────┼─────────────────┤
│ conv_lstm2d_401 (ConvLSTM2D)         │ (None, 10, 13, 13, 8)       │           3,488 │
├──────────────────────────────────────┼─────────────────────────────┼─────────────────┤
│ max_pooling3d_401 (MaxPooling3D)     │ (None, 10, 7, 7, 8)         │               0 │
├──────────────────────────────────────┼─────────────────────────────┼─────────────────┤
│ time_distributed_301                 │ (None, 10, 7, 7, 8)         │               0 │
│ (TimeDistributed)                    │                             │                 │
├──────────────────────────────────────┼─────────────────────────────┼─────────────────┤
│ conv_lstm2d_402 (ConvLSTM2D)         │ (None, 10, 5, 5, 14)        │          11,144 │
├──────────────────────────────────────┼─────────────────────────────┼─────────────────┤
│ max_pooling3d_402 (MaxPooling3D)     │ (None, 10, 3, 3, 14)        │               0 │
├──────────────────────────────────────┼─────────────────────────────┼─────────────────┤
│ time_distributed_302                 │ (None, 10, 3, 3, 14)        │               0 │
│ (TimeDistributed)                    │                             │                 │
├──────────────────────────────────────┼─────────────────────────────┼─────────────────┤
│ conv_lstm2d_403 (ConvLSTM2D)         │ (None, 10, 1, 1, 16)        │          17,344 │
├──────────────────────────────────────┼─────────────────────────────┼─────────────────┤
│ max_pooling3d_403 (MaxPooling3D)     │ (None, 10, 1, 1, 16)        │               0 │
├──────────────────────────────────────┼─────────────────────────────┼─────────────────┤
│ flatten_100 (Flatten)                │ (None, 160)                 │               0 │
├──────────────────────────────────────┼─────────────────────────────┼─────────────────┤
│ dense_100 (Dense)                    │ (None, 4)                   │             644 │
└──────────────────────────────────────┴─────────────────────────────┴─────────────────┘
 Total params: 33,644 (131.42 KB)
 Trainable params: 33,644 (131.42 KB)
 Non-trainable params: 0 (0.00 B)

2024-04-06 02:04:56,130 [INFO] Confusion Matrix:
[[3 1 0 0]
 [1 1 0 0]
 [0 0 3 0]
 [0 0 1 3]]
2024-04-06 02:04:56,203 [INFO] Classification Report:
               precision    recall  f1-score   support

   high_jumps       0.75      0.75      0.75         4
jumping_jacks       0.50      0.50      0.50         2
       lunges       0.75      1.00      0.86         3
        squat       1.00      0.75      0.86         4

     accuracy                           0.77        13
    macro avg       0.75      0.75      0.74        13
 weighted avg       0.79      0.77      0.77        13
