2024-04-07 07:32:13,296 [INFO] Starting folder setup process.
2024-04-07 07:32:13,300 [INFO] Folder setup process finished successfully.
2024-04-07 07:32:13,304 [INFO] All necessary datasets are downloaded.
2024-04-07 07:32:13,308 [INFO] Starting Exploratory Data Analysis (EDA)
2024-04-07 07:32:13,312 [INFO] Running analysis on DVORAK_CUSTOM dataset.
2024-04-07 07:32:13,319 [INFO] The DVORAK_CUSTOM dataset contains 4 classes.
2024-04-07 07:32:13,946 [INFO] Data classes in the DVORAK_CUSTOM dataset contain on average 16.25 videos.
2024-04-07 07:32:13,955 [INFO] Videos in the DVORAK_CUSTOM dataset contain on average 279.95 frame.
2024-04-07 07:32:13,963 [INFO] Frames in the DVORAK_CUSTOM dataset on average have the width of 720.0 .
2024-04-07 07:32:13,970 [INFO] Frames in the DVORAK_CUSTOM dataset on average have the height of 1280.0 .
2024-04-07 07:32:13,977 [INFO] Videos in the DVORAK_CUSTOM dataset contain on average have 29.86 FPS.
2024-04-07 07:32:14,569 [INFO] Finished Exploratory Data Analysis (EDA)
2024-04-07 07:32:14,574 [INFO] Started processing the DVORAK_CUSTOM dataset.
2024-04-07 07:32:14,578 [INFO] Loading processed data from pickle files.
2024-04-07 07:32:14,600 [INFO] Finished processing the DVORAK_CUSTOM dataset.
2024-04-07 07:32:14,626 [INFO] Building Human Activity Recognition Model - ConvLSTM variant.
2024-04-07 07:32:14,674 [INFO] Finished building Human Activity Recognition Model - ConvLSTM variant.
2024-04-07 07:32:14,682 [INFO] Model architecture: Model: "sequential_194"
┏━━━━━━━━━━━━━━━━━━━━━━━━━━━━━━━━━━━━━━┳━━━━━━━━━━━━━━━━━━━━━━━━━━━━━┳━━━━━━━━━━━━━━━━━┓
┃ Layer (type)                         ┃ Output Shape                ┃         Param # ┃
┡━━━━━━━━━━━━━━━━━━━━━━━━━━━━━━━━━━━━━━╇━━━━━━━━━━━━━━━━━━━━━━━━━━━━━╇━━━━━━━━━━━━━━━━━┩
│ conv_lstm2d_776 (ConvLSTM2D)         │ (None, 40, 30, 30, 4)       │           1,024 │
├──────────────────────────────────────┼─────────────────────────────┼─────────────────┤
│ max_pooling3d_776 (MaxPooling3D)     │ (None, 40, 15, 15, 4)       │               0 │
├──────────────────────────────────────┼─────────────────────────────┼─────────────────┤
│ time_distributed_582                 │ (None, 40, 15, 15, 4)       │               0 │
│ (TimeDistributed)                    │                             │                 │
├──────────────────────────────────────┼─────────────────────────────┼─────────────────┤
│ conv_lstm2d_777 (ConvLSTM2D)         │ (None, 40, 13, 13, 8)       │           3,488 │
├──────────────────────────────────────┼─────────────────────────────┼─────────────────┤
│ max_pooling3d_777 (MaxPooling3D)     │ (None, 40, 7, 7, 8)         │               0 │
├──────────────────────────────────────┼─────────────────────────────┼─────────────────┤
│ time_distributed_583                 │ (None, 40, 7, 7, 8)         │               0 │
│ (TimeDistributed)                    │                             │                 │
├──────────────────────────────────────┼─────────────────────────────┼─────────────────┤
│ conv_lstm2d_778 (ConvLSTM2D)         │ (None, 40, 5, 5, 14)        │          11,144 │
├──────────────────────────────────────┼─────────────────────────────┼─────────────────┤
│ max_pooling3d_778 (MaxPooling3D)     │ (None, 40, 3, 3, 14)        │               0 │
├──────────────────────────────────────┼─────────────────────────────┼─────────────────┤
│ time_distributed_584                 │ (None, 40, 3, 3, 14)        │               0 │
│ (TimeDistributed)                    │                             │                 │
├──────────────────────────────────────┼─────────────────────────────┼─────────────────┤
│ conv_lstm2d_779 (ConvLSTM2D)         │ (None, 40, 1, 1, 16)        │          17,344 │
├──────────────────────────────────────┼─────────────────────────────┼─────────────────┤
│ max_pooling3d_779 (MaxPooling3D)     │ (None, 40, 1, 1, 16)        │               0 │
├──────────────────────────────────────┼─────────────────────────────┼─────────────────┤
│ flatten_194 (Flatten)                │ (None, 640)                 │               0 │
├──────────────────────────────────────┼─────────────────────────────┼─────────────────┤
│ dense_194 (Dense)                    │ (None, 4)                   │           2,564 │
└──────────────────────────────────────┴─────────────────────────────┴─────────────────┘
 Total params: 35,564 (138.92 KB)
 Trainable params: 35,564 (138.92 KB)
 Non-trainable params: 0 (0.00 B)

2024-04-07 07:32:35,287 [INFO] Confusion Matrix:
[[3 0 1 0]
 [0 2 0 0]
 [0 0 3 0]
 [1 0 0 3]]
2024-04-07 07:32:35,375 [INFO] Classification Report:
               precision    recall  f1-score   support

   high_jumps       0.75      0.75      0.75         4
jumping_jacks       1.00      1.00      1.00         2
       lunges       0.75      1.00      0.86         3
        squat       1.00      0.75      0.86         4

     accuracy                           0.85        13
    macro avg       0.88      0.88      0.87        13
 weighted avg       0.87      0.85      0.85        13
