2024-04-06 21:13:52,618 [INFO] Starting folder setup process.
2024-04-06 21:13:52,619 [INFO] Folder setup process finished successfully.
2024-04-06 21:13:52,620 [INFO] All necessary datasets are downloaded.
2024-04-06 21:13:52,620 [INFO] Starting Exploratory Data Analysis (EDA)
2024-04-06 21:13:52,621 [INFO] Running analysis on DVORAK_CUSTOM dataset.
2024-04-06 21:13:52,623 [INFO] The DVORAK_CUSTOM dataset contains 4 classes.
2024-04-06 21:13:53,263 [INFO] Data classes in the DVORAK_CUSTOM dataset contain on average 16.25 videos.
2024-04-06 21:13:53,265 [INFO] Videos in the DVORAK_CUSTOM dataset contain on average 279.95 frame.
2024-04-06 21:13:53,266 [INFO] Frames in the DVORAK_CUSTOM dataset on average have the width of 720.0 .
2024-04-06 21:13:53,268 [INFO] Frames in the DVORAK_CUSTOM dataset on average have the height of 1280.0 .
2024-04-06 21:13:53,269 [INFO] Videos in the DVORAK_CUSTOM dataset contain on average have 29.86 FPS.
2024-04-06 21:13:53,869 [INFO] Finished Exploratory Data Analysis (EDA)
2024-04-06 21:13:53,870 [INFO] Started processing the DVORAK_CUSTOM dataset.
2024-04-06 21:13:53,871 [INFO] Loading processed data from pickle files.
2024-04-06 21:13:53,885 [INFO] Finished processing the DVORAK_CUSTOM dataset.
2024-04-06 21:13:53,909 [INFO] Building Human Activity Recognition Model - ConvLSTM variant.
2024-04-06 21:13:53,966 [INFO] Finished building Human Activity Recognition Model - ConvLSTM variant.
2024-04-06 21:13:53,971 [INFO] Model architecture: Model: "sequential_38"
┏━━━━━━━━━━━━━━━━━━━━━━━━━━━━━━━━━━━━━━┳━━━━━━━━━━━━━━━━━━━━━━━━━━━━━┳━━━━━━━━━━━━━━━━━┓
┃ Layer (type)                         ┃ Output Shape                ┃         Param # ┃
┡━━━━━━━━━━━━━━━━━━━━━━━━━━━━━━━━━━━━━━╇━━━━━━━━━━━━━━━━━━━━━━━━━━━━━╇━━━━━━━━━━━━━━━━━┩
│ conv_lstm2d_152 (ConvLSTM2D)         │ (None, 30, 30, 30, 4)       │           1,024 │
├──────────────────────────────────────┼─────────────────────────────┼─────────────────┤
│ max_pooling3d_152 (MaxPooling3D)     │ (None, 30, 15, 15, 4)       │               0 │
├──────────────────────────────────────┼─────────────────────────────┼─────────────────┤
│ time_distributed_114                 │ (None, 30, 15, 15, 4)       │               0 │
│ (TimeDistributed)                    │                             │                 │
├──────────────────────────────────────┼─────────────────────────────┼─────────────────┤
│ conv_lstm2d_153 (ConvLSTM2D)         │ (None, 30, 13, 13, 8)       │           3,488 │
├──────────────────────────────────────┼─────────────────────────────┼─────────────────┤
│ max_pooling3d_153 (MaxPooling3D)     │ (None, 30, 7, 7, 8)         │               0 │
├──────────────────────────────────────┼─────────────────────────────┼─────────────────┤
│ time_distributed_115                 │ (None, 30, 7, 7, 8)         │               0 │
│ (TimeDistributed)                    │                             │                 │
├──────────────────────────────────────┼─────────────────────────────┼─────────────────┤
│ conv_lstm2d_154 (ConvLSTM2D)         │ (None, 30, 5, 5, 14)        │          11,144 │
├──────────────────────────────────────┼─────────────────────────────┼─────────────────┤
│ max_pooling3d_154 (MaxPooling3D)     │ (None, 30, 3, 3, 14)        │               0 │
├──────────────────────────────────────┼─────────────────────────────┼─────────────────┤
│ time_distributed_116                 │ (None, 30, 3, 3, 14)        │               0 │
│ (TimeDistributed)                    │                             │                 │
├──────────────────────────────────────┼─────────────────────────────┼─────────────────┤
│ conv_lstm2d_155 (ConvLSTM2D)         │ (None, 30, 1, 1, 16)        │          17,344 │
├──────────────────────────────────────┼─────────────────────────────┼─────────────────┤
│ max_pooling3d_155 (MaxPooling3D)     │ (None, 30, 1, 1, 16)        │               0 │
├──────────────────────────────────────┼─────────────────────────────┼─────────────────┤
│ flatten_38 (Flatten)                 │ (None, 480)                 │               0 │
├──────────────────────────────────────┼─────────────────────────────┼─────────────────┤
│ dense_38 (Dense)                     │ (None, 4)                   │           1,924 │
└──────────────────────────────────────┴─────────────────────────────┴─────────────────┘
 Total params: 34,924 (136.42 KB)
 Trainable params: 34,924 (136.42 KB)
 Non-trainable params: 0 (0.00 B)

2024-04-06 21:14:12,154 [INFO] Confusion Matrix:
[[3 0 1 0]
 [1 1 0 0]
 [0 0 3 0]
 [0 0 1 3]]
2024-04-06 21:14:12,229 [INFO] Classification Report:
               precision    recall  f1-score   support

   high_jumps       0.75      0.75      0.75         4
jumping_jacks       1.00      0.50      0.67         2
       lunges       0.60      1.00      0.75         3
        squat       1.00      0.75      0.86         4

     accuracy                           0.77        13
    macro avg       0.84      0.75      0.76        13
 weighted avg       0.83      0.77      0.77        13
