2024-05-09 13:40:07,277 [INFO] Starting folder setup process.
2024-05-09 13:40:07,277 [INFO] Folder setup process finished successfully.
2024-05-09 13:40:07,277 [INFO] All necessary datasets are downloaded.
2024-05-09 13:40:07,277 [INFO] Starting Exploratory Data Analysis (EDA)
2024-05-09 13:40:07,277 [INFO] Running analysis on DVORAK_CUSTOM dataset.
2024-05-09 13:40:07,277 [INFO] The DVORAK_CUSTOM dataset contains 4 classes.
2024-05-09 13:40:10,862 [INFO] Data classes in the DVORAK_CUSTOM dataset contain on average 55.25 videos.
2024-05-09 13:40:10,862 [INFO] Videos in the DVORAK_CUSTOM dataset contain on average 269.18 frame.
2024-05-09 13:40:10,862 [INFO] Frames in the DVORAK_CUSTOM dataset on average have the width of 720.0 .
2024-05-09 13:40:10,862 [INFO] Frames in the DVORAK_CUSTOM dataset on average have the height of 1280.0 .
2024-05-09 13:40:10,862 [INFO] Videos in the DVORAK_CUSTOM dataset contain on average have 29.72 FPS.
2024-05-09 13:40:12,572 [INFO] Finished Exploratory Data Analysis (EDA)
2024-05-09 13:40:12,572 [INFO] Started processing the DVORAK_CUSTOM dataset.
2024-05-09 13:40:12,572 [INFO] Loading processed data from pickle files.
2024-05-09 13:40:13,003 [INFO] Finished processing the DVORAK_CUSTOM dataset.
2024-05-09 13:40:13,683 [INFO] Building Human Activity Recognition Model - ResNet variant.
2024-05-09 13:40:14,407 [INFO] Finished building Human Activity Recognition Model - ResNet variant.
2024-05-09 13:40:14,412 [INFO] Model architecture: Model: "sequential"
┏━━━━━━━━━━━━━━━━━━━━━━━━━━━━━━━━━━━━━━┳━━━━━━━━━━━━━━━━━━━━━━━━━━━━━┳━━━━━━━━━━━━━━━━━┓
┃ Layer (type)                         ┃ Output Shape                ┃         Param # ┃
┡━━━━━━━━━━━━━━━━━━━━━━━━━━━━━━━━━━━━━━╇━━━━━━━━━━━━━━━━━━━━━━━━━━━━━╇━━━━━━━━━━━━━━━━━┩
│ time_distributed (TimeDistributed)   │ ?                           │      23,587,712 │
├──────────────────────────────────────┼─────────────────────────────┼─────────────────┤
│ time_distributed_1 (TimeDistributed) │ ?                           │     0 (unbuilt) │
├──────────────────────────────────────┼─────────────────────────────┼─────────────────┤
│ time_distributed_2 (TimeDistributed) │ ?                           │     0 (unbuilt) │
├──────────────────────────────────────┼─────────────────────────────┼─────────────────┤
│ time_distributed_3 (TimeDistributed) │ ?                           │     0 (unbuilt) │
├──────────────────────────────────────┼─────────────────────────────┼─────────────────┤
│ time_distributed_4 (TimeDistributed) │ ?                           │     0 (unbuilt) │
├──────────────────────────────────────┼─────────────────────────────┼─────────────────┤
│ time_distributed_5 (TimeDistributed) │ ?                           │     0 (unbuilt) │
├──────────────────────────────────────┼─────────────────────────────┼─────────────────┤
│ lstm (LSTM)                          │ ?                           │     0 (unbuilt) │
├──────────────────────────────────────┼─────────────────────────────┼─────────────────┤
│ dense_1 (Dense)                      │ ?                           │     0 (unbuilt) │
├──────────────────────────────────────┼─────────────────────────────┼─────────────────┤
│ dense_2 (Dense)                      │ ?                           │     0 (unbuilt) │
├──────────────────────────────────────┼─────────────────────────────┼─────────────────┤
│ dropout_1 (Dropout)                  │ ?                           │     0 (unbuilt) │
├──────────────────────────────────────┼─────────────────────────────┼─────────────────┤
│ dense_3 (Dense)                      │ ?                           │     0 (unbuilt) │
└──────────────────────────────────────┴─────────────────────────────┴─────────────────┘
 Total params: 23,587,712 (89.98 MB)
 Trainable params: 0 (0.00 B)
 Non-trainable params: 23,587,712 (89.98 MB)

2024-05-09 13:43:36,842 [INFO] Confusion Matrix:
[[5 0 2 0]
 [3 5 4 2]
 [0 2 7 3]
 [0 2 1 9]]
2024-05-09 13:43:36,916 [INFO] Classification Report:
               precision    recall  f1-score   support

   high_jumps       0.62      0.71      0.67         7
jumping_jacks       0.56      0.36      0.43        14
       lunges       0.50      0.58      0.54        12
        squat       0.64      0.75      0.69        12

     accuracy                           0.58        45
    macro avg       0.58      0.60      0.58        45
 weighted avg       0.57      0.58      0.57        45
