2024-04-10 13:50:38,306 [INFO] Starting folder setup process.
2024-04-10 13:50:38,306 [INFO] Folder setup process finished successfully.
2024-04-10 13:50:38,306 [INFO] All necessary datasets are downloaded.
2024-04-10 13:50:38,306 [INFO] Starting Exploratory Data Analysis (EDA)
2024-04-10 13:50:38,306 [INFO] Running analysis on DVORAK_CUSTOM dataset.
2024-04-10 13:50:38,307 [INFO] The DVORAK_CUSTOM dataset contains 4 classes.
2024-04-10 13:50:43,871 [INFO] Data classes in the DVORAK_CUSTOM dataset contain on average 40.25 videos.
2024-04-10 13:50:43,872 [INFO] Videos in the DVORAK_CUSTOM dataset contain on average 285.54 frame.
2024-04-10 13:50:43,872 [INFO] Frames in the DVORAK_CUSTOM dataset on average have the width of 720.0 .
2024-04-10 13:50:43,872 [INFO] Frames in the DVORAK_CUSTOM dataset on average have the height of 1280.0 .
2024-04-10 13:50:43,872 [INFO] Videos in the DVORAK_CUSTOM dataset contain on average have 29.76 FPS.
2024-04-10 13:50:47,037 [INFO] Finished Exploratory Data Analysis (EDA)
2024-04-10 13:50:47,037 [INFO] Started processing the DVORAK_CUSTOM dataset.
2024-04-10 13:50:47,038 [INFO] Loading processed data from pickle files.
2024-04-10 13:50:47,205 [INFO] Finished processing the DVORAK_CUSTOM dataset.
2024-04-10 13:50:47,320 [INFO] Building Human Activity Recognition Model - ConvLSTM variant.
2024-04-10 13:50:47,562 [INFO] Finished building Human Activity Recognition Model - ConvLSTM variant.
2024-04-10 13:54:36,410 [INFO] Confusion Matrix:
[[3 0 0 1]
 [0 1 0 0]
 [1 1 2 0]
 [2 0 0 2]]
2024-04-10 13:54:36,920 [INFO] Classification Report:
               precision    recall  f1-score   support

   high_jumps       0.50      0.75      0.60         4
        squat       0.50      1.00      0.67         1
       lunges       1.00      0.50      0.67         4
jumping_jacks       0.67      0.50      0.57         4

     accuracy                           0.62        13
    macro avg       0.67      0.69      0.63        13
 weighted avg       0.71      0.62      0.62        13

