2024-04-10 15:47:19,169 [INFO] Starting folder setup process.
2024-04-10 15:47:19,169 [INFO] Folder setup process finished successfully.
2024-04-10 15:47:19,169 [INFO] All necessary datasets are downloaded.
2024-04-10 15:47:19,170 [INFO] Starting Exploratory Data Analysis (EDA)
2024-04-10 15:47:19,170 [INFO] Running analysis on DVORAK_CUSTOM dataset.
2024-04-10 15:47:19,170 [INFO] The DVORAK_CUSTOM dataset contains 4 classes.
2024-04-10 15:47:26,345 [INFO] Data classes in the DVORAK_CUSTOM dataset contain on average 40.25 videos.
2024-04-10 15:47:26,346 [INFO] Videos in the DVORAK_CUSTOM dataset contain on average 285.54 frame.
2024-04-10 15:47:26,346 [INFO] Frames in the DVORAK_CUSTOM dataset on average have the width of 720.0 .
2024-04-10 15:47:26,347 [INFO] Frames in the DVORAK_CUSTOM dataset on average have the height of 1280.0 .
2024-04-10 15:47:26,347 [INFO] Videos in the DVORAK_CUSTOM dataset contain on average have 29.76 FPS.
2024-04-10 15:47:32,042 [INFO] Finished Exploratory Data Analysis (EDA)
2024-04-10 15:47:32,042 [INFO] Started processing the DVORAK_CUSTOM dataset.
2024-04-10 15:47:32,043 [INFO] Loading processed data from pickle files.
2024-04-10 15:47:32,301 [INFO] Finished processing the DVORAK_CUSTOM dataset.
2024-04-10 15:47:32,522 [INFO] Building Human Activity Recognition Model - ConvLSTM variant.
2024-04-10 15:47:33,034 [INFO] Finished building Human Activity Recognition Model - ConvLSTM variant.
2024-04-10 15:54:00,353 [INFO] Confusion Matrix:
[[0 0 0 4]
 [0 1 0 0]
 [0 1 2 1]
 [0 0 0 4]]
2024-04-10 15:54:00,638 [INFO] Classification Report:
               precision    recall  f1-score   support

   high_jumps       0.00      0.00      0.00         4
        squat       0.50      1.00      0.67         1
       lunges       1.00      0.50      0.67         4
jumping_jacks       0.44      1.00      0.62         4

     accuracy                           0.54        13
    macro avg       0.49      0.62      0.49        13
 weighted avg       0.48      0.54      0.45        13

