2024-04-10 14:13:30,415 [INFO] Starting folder setup process.
2024-04-10 14:13:30,416 [INFO] Folder setup process finished successfully.
2024-04-10 14:13:30,416 [INFO] All necessary datasets are downloaded.
2024-04-10 14:13:30,416 [INFO] Starting Exploratory Data Analysis (EDA)
2024-04-10 14:13:30,416 [INFO] Running analysis on DVORAK_CUSTOM dataset.
2024-04-10 14:13:30,416 [INFO] The DVORAK_CUSTOM dataset contains 4 classes.
2024-04-10 14:13:35,805 [INFO] Data classes in the DVORAK_CUSTOM dataset contain on average 40.25 videos.
2024-04-10 14:13:35,805 [INFO] Videos in the DVORAK_CUSTOM dataset contain on average 285.54 frame.
2024-04-10 14:13:35,805 [INFO] Frames in the DVORAK_CUSTOM dataset on average have the width of 720.0 .
2024-04-10 14:13:35,806 [INFO] Frames in the DVORAK_CUSTOM dataset on average have the height of 1280.0 .
2024-04-10 14:13:35,806 [INFO] Videos in the DVORAK_CUSTOM dataset contain on average have 29.76 FPS.
2024-04-10 14:13:39,041 [INFO] Finished Exploratory Data Analysis (EDA)
2024-04-10 14:13:39,042 [INFO] Started processing the DVORAK_CUSTOM dataset.
2024-04-10 14:13:39,042 [INFO] Loading processed data from pickle files.
2024-04-10 14:13:39,198 [INFO] Finished processing the DVORAK_CUSTOM dataset.
2024-04-10 14:13:39,335 [INFO] Building Human Activity Recognition Model - ConvLSTM variant.
2024-04-10 14:13:39,624 [INFO] Finished building Human Activity Recognition Model - ConvLSTM variant.
2024-04-10 14:20:01,800 [INFO] Confusion Matrix:
[[1 0 1 2]
 [0 1 0 0]
 [0 2 2 0]
 [0 0 0 4]]
2024-04-10 14:20:02,067 [INFO] Classification Report:
               precision    recall  f1-score   support

   high_jumps       1.00      0.25      0.40         4
        squat       0.33      1.00      0.50         1
       lunges       0.67      0.50      0.57         4
jumping_jacks       0.67      1.00      0.80         4

     accuracy                           0.62        13
    macro avg       0.67      0.69      0.57        13
 weighted avg       0.74      0.62      0.58        13
