2024-04-10 14:37:19,244 [INFO] Starting folder setup process.
2024-04-10 14:37:19,245 [INFO] Folder setup process finished successfully.
2024-04-10 14:37:19,245 [INFO] All necessary datasets are downloaded.
2024-04-10 14:37:19,245 [INFO] Starting Exploratory Data Analysis (EDA)
2024-04-10 14:37:19,245 [INFO] Running analysis on DVORAK_CUSTOM dataset.
2024-04-10 14:37:19,245 [INFO] The DVORAK_CUSTOM dataset contains 4 classes.
2024-04-10 14:37:24,484 [INFO] Data classes in the DVORAK_CUSTOM dataset contain on average 40.25 videos.
2024-04-10 14:37:24,485 [INFO] Videos in the DVORAK_CUSTOM dataset contain on average 285.54 frame.
2024-04-10 14:37:24,485 [INFO] Frames in the DVORAK_CUSTOM dataset on average have the width of 720.0 .
2024-04-10 14:37:24,485 [INFO] Frames in the DVORAK_CUSTOM dataset on average have the height of 1280.0 .
2024-04-10 14:37:24,485 [INFO] Videos in the DVORAK_CUSTOM dataset contain on average have 29.76 FPS.
2024-04-10 14:37:27,755 [INFO] Finished Exploratory Data Analysis (EDA)
2024-04-10 14:37:27,755 [INFO] Started processing the DVORAK_CUSTOM dataset.
2024-04-10 14:37:27,755 [INFO] Loading processed data from pickle files.
2024-04-10 14:37:27,941 [INFO] Finished processing the DVORAK_CUSTOM dataset.
2024-04-10 14:37:28,345 [INFO] Building Human Activity Recognition Model - ConvLSTM variant.
2024-04-10 14:37:28,583 [INFO] Finished building Human Activity Recognition Model - ConvLSTM variant.
2024-04-10 14:40:53,852 [INFO] Confusion Matrix:
[[3 0 0 1]
 [0 1 0 0]
 [0 2 2 0]
 [0 0 0 4]]
2024-04-10 14:40:54,124 [INFO] Classification Report:
               precision    recall  f1-score   support

   high_jumps       1.00      0.75      0.86         4
        squat       0.33      1.00      0.50         1
       lunges       1.00      0.50      0.67         4
jumping_jacks       0.80      1.00      0.89         4

     accuracy                           0.77        13
    macro avg       0.78      0.81      0.73        13
 weighted avg       0.89      0.77      0.78        13
