2024-04-10 13:42:28,577 [INFO] Starting folder setup process.
2024-04-10 13:42:28,578 [INFO] Folder setup process finished successfully.
2024-04-10 13:42:28,578 [INFO] All necessary datasets are downloaded.
2024-04-10 13:42:28,578 [INFO] Starting Exploratory Data Analysis (EDA)
2024-04-10 13:42:28,578 [INFO] Running analysis on DVORAK_CUSTOM dataset.
2024-04-10 13:42:28,578 [INFO] The DVORAK_CUSTOM dataset contains 4 classes.
2024-04-10 13:42:35,092 [INFO] Data classes in the DVORAK_CUSTOM dataset contain on average 40.25 videos.
2024-04-10 13:42:35,092 [INFO] Videos in the DVORAK_CUSTOM dataset contain on average 285.54 frame.
2024-04-10 13:42:35,092 [INFO] Frames in the DVORAK_CUSTOM dataset on average have the width of 720.0 .
2024-04-10 13:42:35,092 [INFO] Frames in the DVORAK_CUSTOM dataset on average have the height of 1280.0 .
2024-04-10 13:42:35,092 [INFO] Videos in the DVORAK_CUSTOM dataset contain on average have 29.76 FPS.
2024-04-10 13:42:38,925 [INFO] Finished Exploratory Data Analysis (EDA)
2024-04-10 13:42:38,925 [INFO] Started processing the DVORAK_CUSTOM dataset.
2024-04-10 13:42:38,925 [INFO] Loading processed data from pickle files.
2024-04-10 13:42:39,057 [INFO] Finished processing the DVORAK_CUSTOM dataset.
2024-04-10 13:42:39,596 [INFO] Building Human Activity Recognition Model - ConvLSTM variant.
2024-04-10 13:42:39,964 [INFO] Finished building Human Activity Recognition Model - ConvLSTM variant.
2024-04-10 13:48:19,303 [INFO] Confusion Matrix:
[[2 2 0 0]
 [0 1 0 0]
 [1 3 0 0]
 [1 0 0 3]]
2024-04-10 13:48:19,612 [INFO] Classification Report:
               precision    recall  f1-score   support

   high_jumps       0.50      0.50      0.50         4
        squat       0.17      1.00      0.29         1
       lunges       0.00      0.00      0.00         4
jumping_jacks       1.00      0.75      0.86         4

     accuracy                           0.46        13
    macro avg       0.42      0.56      0.41        13
 weighted avg       0.47      0.46      0.44        13

