2024-04-10 13:34:56,344 [INFO] Starting folder setup process.
2024-04-10 13:34:56,345 [INFO] Creating folder: /home/peter/dp/Human_Activity_Video_Recognition/data/output/statistics/data
2024-04-10 13:34:56,345 [INFO] Creating folder: /home/peter/dp/Human_Activity_Video_Recognition/data/output/statistics/model
2024-04-10 13:34:56,345 [INFO] Folder setup process finished successfully.
2024-04-10 13:34:56,345 [INFO] Starting download of HMDB dataset.
2024-04-10 13:37:42,476 [INFO] Finished downloading the HMDB dataset.
2024-04-10 13:37:42,485 [INFO] Extracting the HMDB dataset.
2024-04-10 13:38:30,718 [INFO] Finished extracting the HMDB dataset.
2024-04-10 13:38:30,726 [INFO] All necessary datasets are downloaded.
2024-04-10 13:38:30,727 [INFO] Starting Exploratory Data Analysis (EDA)
2024-04-10 13:38:30,727 [INFO] Running analysis on DVORAK_CUSTOM dataset.
2024-04-10 13:38:30,729 [INFO] The DVORAK_CUSTOM dataset contains 4 classes.
2024-04-10 13:38:36,513 [INFO] Data classes in the DVORAK_CUSTOM dataset contain on average 40.25 videos.
2024-04-10 13:38:36,513 [INFO] Videos in the DVORAK_CUSTOM dataset contain on average 285.54 frame.
2024-04-10 13:38:36,514 [INFO] Frames in the DVORAK_CUSTOM dataset on average have the width of 720.0 .
2024-04-10 13:38:36,514 [INFO] Frames in the DVORAK_CUSTOM dataset on average have the height of 1280.0 .
2024-04-10 13:38:36,514 [INFO] Videos in the DVORAK_CUSTOM dataset contain on average have 29.76 FPS.
2024-04-10 13:38:40,906 [INFO] Finished Exploratory Data Analysis (EDA)
2024-04-10 13:38:40,906 [INFO] Started processing the DVORAK_CUSTOM dataset.
2024-04-10 13:38:40,914 [INFO] Loading processed data from pickle files.
2024-04-10 13:38:41,175 [INFO] Finished processing the DVORAK_CUSTOM dataset.
2024-04-10 13:38:41,731 [INFO] Building Human Activity Recognition Model - ConvLSTM variant.
2024-04-10 13:38:42,212 [INFO] Finished building Human Activity Recognition Model - ConvLSTM variant.
