2024-04-10 14:06:34,270 [INFO] Starting folder setup process.
2024-04-10 14:06:34,270 [INFO] Folder setup process finished successfully.
2024-04-10 14:06:34,270 [INFO] All necessary datasets are downloaded.
2024-04-10 14:06:34,270 [INFO] Starting Exploratory Data Analysis (EDA)
2024-04-10 14:06:34,270 [INFO] Running analysis on DVORAK_CUSTOM dataset.
2024-04-10 14:06:34,271 [INFO] The DVORAK_CUSTOM dataset contains 4 classes.
2024-04-10 14:06:39,244 [INFO] Data classes in the DVORAK_CUSTOM dataset contain on average 40.25 videos.
2024-04-10 14:06:39,245 [INFO] Videos in the DVORAK_CUSTOM dataset contain on average 285.54 frame.
2024-04-10 14:06:39,245 [INFO] Frames in the DVORAK_CUSTOM dataset on average have the width of 720.0 .
2024-04-10 14:06:39,245 [INFO] Frames in the DVORAK_CUSTOM dataset on average have the height of 1280.0 .
2024-04-10 14:06:39,245 [INFO] Videos in the DVORAK_CUSTOM dataset contain on average have 29.76 FPS.
2024-04-10 14:06:42,358 [INFO] Finished Exploratory Data Analysis (EDA)
2024-04-10 14:06:42,358 [INFO] Started processing the DVORAK_CUSTOM dataset.
2024-04-10 14:06:42,359 [INFO] Loading processed data from pickle files.
2024-04-10 14:06:42,513 [INFO] Finished processing the DVORAK_CUSTOM dataset.
2024-04-10 14:06:42,605 [INFO] Building Human Activity Recognition Model - ConvLSTM variant.
2024-04-10 14:06:42,849 [INFO] Finished building Human Activity Recognition Model - ConvLSTM variant.
2024-04-10 14:12:43,764 [INFO] Confusion Matrix:
[[1 0 0 3]
 [0 1 0 0]
 [0 3 1 0]
 [0 0 0 4]]
2024-04-10 14:12:44,057 [INFO] Classification Report:
               precision    recall  f1-score   support

   high_jumps       1.00      0.25      0.40         4
        squat       0.25      1.00      0.40         1
       lunges       1.00      0.25      0.40         4
jumping_jacks       0.57      1.00      0.73         4

     accuracy                           0.54        13
    macro avg       0.71      0.62      0.48        13
 weighted avg       0.81      0.54      0.50        13
