2024-04-10 14:43:19,110 [INFO] Starting folder setup process.
2024-04-10 14:43:19,111 [INFO] Folder setup process finished successfully.
2024-04-10 14:43:19,111 [INFO] All necessary datasets are downloaded.
2024-04-10 14:43:19,111 [INFO] Starting Exploratory Data Analysis (EDA)
2024-04-10 14:43:19,111 [INFO] Running analysis on DVORAK_CUSTOM dataset.
2024-04-10 14:43:19,111 [INFO] The DVORAK_CUSTOM dataset contains 4 classes.
2024-04-10 14:43:24,113 [INFO] Data classes in the DVORAK_CUSTOM dataset contain on average 40.25 videos.
2024-04-10 14:43:24,113 [INFO] Videos in the DVORAK_CUSTOM dataset contain on average 285.54 frame.
2024-04-10 14:43:24,113 [INFO] Frames in the DVORAK_CUSTOM dataset on average have the width of 720.0 .
2024-04-10 14:43:24,113 [INFO] Frames in the DVORAK_CUSTOM dataset on average have the height of 1280.0 .
2024-04-10 14:43:24,113 [INFO] Videos in the DVORAK_CUSTOM dataset contain on average have 29.76 FPS.
2024-04-10 14:43:27,201 [INFO] Finished Exploratory Data Analysis (EDA)
2024-04-10 14:43:27,201 [INFO] Started processing the DVORAK_CUSTOM dataset.
2024-04-10 14:43:27,201 [INFO] Loading processed data from pickle files.
2024-04-10 14:43:27,368 [INFO] Finished processing the DVORAK_CUSTOM dataset.
2024-04-10 14:43:27,478 [INFO] Building Human Activity Recognition Model - ConvLSTM variant.
2024-04-10 14:43:27,692 [INFO] Finished building Human Activity Recognition Model - ConvLSTM variant.
2024-04-10 14:46:10,253 [INFO] Confusion Matrix:
[[0 1 1 2]
 [0 1 0 0]
 [1 0 3 0]
 [0 0 0 4]]
2024-04-10 14:46:10,524 [INFO] Classification Report:
               precision    recall  f1-score   support

   high_jumps       0.00      0.00      0.00         4
        squat       0.50      1.00      0.67         1
       lunges       0.75      0.75      0.75         4
jumping_jacks       0.67      1.00      0.80         4

     accuracy                           0.62        13
    macro avg       0.48      0.69      0.55        13
 weighted avg       0.47      0.62      0.53        13

