2024-04-10 14:46:21,315 [INFO] Starting folder setup process.
2024-04-10 14:46:21,316 [INFO] Folder setup process finished successfully.
2024-04-10 14:46:21,316 [INFO] All necessary datasets are downloaded.
2024-04-10 14:46:21,316 [INFO] Starting Exploratory Data Analysis (EDA)
2024-04-10 14:46:21,316 [INFO] Running analysis on DVORAK_CUSTOM dataset.
2024-04-10 14:46:21,316 [INFO] The DVORAK_CUSTOM dataset contains 4 classes.
2024-04-10 14:46:26,331 [INFO] Data classes in the DVORAK_CUSTOM dataset contain on average 40.25 videos.
2024-04-10 14:46:26,331 [INFO] Videos in the DVORAK_CUSTOM dataset contain on average 285.54 frame.
2024-04-10 14:46:26,332 [INFO] Frames in the DVORAK_CUSTOM dataset on average have the width of 720.0 .
2024-04-10 14:46:26,332 [INFO] Frames in the DVORAK_CUSTOM dataset on average have the height of 1280.0 .
2024-04-10 14:46:26,332 [INFO] Videos in the DVORAK_CUSTOM dataset contain on average have 29.76 FPS.
2024-04-10 14:46:29,402 [INFO] Finished Exploratory Data Analysis (EDA)
2024-04-10 14:46:29,402 [INFO] Started processing the DVORAK_CUSTOM dataset.
2024-04-10 14:46:29,403 [INFO] Loading processed data from pickle files.
2024-04-10 14:46:29,567 [INFO] Finished processing the DVORAK_CUSTOM dataset.
2024-04-10 14:46:29,686 [INFO] Building Human Activity Recognition Model - ConvLSTM variant.
2024-04-10 14:46:29,891 [INFO] Finished building Human Activity Recognition Model - ConvLSTM variant.
2024-04-10 14:50:40,810 [INFO] Confusion Matrix:
[[1 1 0 2]
 [0 1 0 0]
 [0 1 3 0]
 [0 0 0 4]]
2024-04-10 14:50:41,087 [INFO] Classification Report:
               precision    recall  f1-score   support

   high_jumps       1.00      0.25      0.40         4
        squat       0.33      1.00      0.50         1
       lunges       1.00      0.75      0.86         4
jumping_jacks       0.67      1.00      0.80         4

     accuracy                           0.69        13
    macro avg       0.75      0.75      0.64        13
 weighted avg       0.85      0.69      0.67        13

