2024-04-19 08:57:34,504 [INFO] Starting folder setup process.
2024-04-19 08:57:34,504 [INFO] Folder setup process finished successfully.
2024-04-19 08:57:34,504 [INFO] All necessary datasets are downloaded.
2024-04-19 08:57:34,504 [INFO] Starting Exploratory Data Analysis (EDA)
2024-04-19 08:57:34,504 [INFO] Running analysis on DVORAK_CUSTOM dataset.
2024-04-19 08:57:34,504 [INFO] The DVORAK_CUSTOM dataset contains 4 classes.
2024-04-19 08:57:39,135 [INFO] Data classes in the DVORAK_CUSTOM dataset contain on average 55.25 videos.
2024-04-19 08:57:39,135 [INFO] Videos in the DVORAK_CUSTOM dataset contain on average 269.18 frame.
2024-04-19 08:57:39,135 [INFO] Frames in the DVORAK_CUSTOM dataset on average have the width of 720.0 .
2024-04-19 08:57:39,135 [INFO] Frames in the DVORAK_CUSTOM dataset on average have the height of 1280.0 .
2024-04-19 08:57:39,135 [INFO] Videos in the DVORAK_CUSTOM dataset contain on average have 29.72 FPS.
2024-04-19 08:57:41,413 [INFO] Finished Exploratory Data Analysis (EDA)
2024-04-19 08:57:41,413 [INFO] Creating folder: /home/peter/dp/Human_Activity_Video_Recognition/data/processed/extracted/W_64_H_64_S_20
2024-04-19 08:57:41,414 [INFO] Creating folder: /home/peter/dp/Human_Activity_Video_Recognition/data/processed/pickled
2024-04-19 08:57:41,414 [INFO] Started processing the DVORAK_CUSTOM dataset.
2024-04-19 08:57:41,414 [INFO] Processing the 'high_jumps' data class.
2024-04-19 08:57:41,414 [INFO] Currently processing: '/home/peter/dp/Human_Activity_Video_Recognition/data/input/DVORAK_CUSTOM/high_jumps/20231209_120058.mp4'.
2024-04-19 08:57:41,475 [INFO] Creating folder: /home/peter/dp/Human_Activity_Video_Recognition/data/processed/extracted/W_64_H_64_S_20/DVORAK_CUSTOM/high_jumps
2024-04-19 08:57:42,336 [INFO] Currently processing: '/home/peter/dp/Human_Activity_Video_Recognition/data/input/DVORAK_CUSTOM/high_jumps/20231209_122721.mp4'.
2024-04-19 08:57:43,120 [INFO] Currently processing: '/home/peter/dp/Human_Activity_Video_Recognition/data/input/DVORAK_CUSTOM/high_jumps/20231209_120113.mp4'.
2024-04-19 08:57:44,012 [INFO] Currently processing: '/home/peter/dp/Human_Activity_Video_Recognition/data/input/DVORAK_CUSTOM/high_jumps/20240409_185011.mp4'.
2024-04-19 08:57:45,602 [INFO] Currently processing: '/home/peter/dp/Human_Activity_Video_Recognition/data/input/DVORAK_CUSTOM/high_jumps/20240409_183109.mp4'.
2024-04-19 08:57:46,664 [INFO] Currently processing: '/home/peter/dp/Human_Activity_Video_Recognition/data/input/DVORAK_CUSTOM/high_jumps/20240409_184631.mp4'.
2024-04-19 08:57:47,935 [INFO] Currently processing: '/home/peter/dp/Human_Activity_Video_Recognition/data/input/DVORAK_CUSTOM/high_jumps/20240409_182151.mp4'.
2024-04-19 08:57:49,068 [INFO] Currently processing: '/home/peter/dp/Human_Activity_Video_Recognition/data/input/DVORAK_CUSTOM/high_jumps/20231209_122130.mp4'.
2024-04-19 08:57:50,433 [INFO] Currently processing: '/home/peter/dp/Human_Activity_Video_Recognition/data/input/DVORAK_CUSTOM/high_jumps/20240414_172219.mp4'.
2024-04-19 08:57:51,653 [INFO] Currently processing: '/home/peter/dp/Human_Activity_Video_Recognition/data/input/DVORAK_CUSTOM/high_jumps/20240409_183041.mp4'.
2024-04-19 08:57:52,624 [INFO] Currently processing: '/home/peter/dp/Human_Activity_Video_Recognition/data/input/DVORAK_CUSTOM/high_jumps/20240414_172232.mp4'.
2024-04-19 08:57:53,797 [INFO] Currently processing: '/home/peter/dp/Human_Activity_Video_Recognition/data/input/DVORAK_CUSTOM/high_jumps/20240409_185001.mp4'.
2024-04-19 08:57:55,503 [INFO] Currently processing: '/home/peter/dp/Human_Activity_Video_Recognition/data/input/DVORAK_CUSTOM/high_jumps/20240414_174104.mp4'.
2024-04-19 08:57:56,889 [INFO] Currently processing: '/home/peter/dp/Human_Activity_Video_Recognition/data/input/DVORAK_CUSTOM/high_jumps/20231209_120900.mp4'.
2024-04-19 08:57:58,222 [INFO] Currently processing: '/home/peter/dp/Human_Activity_Video_Recognition/data/input/DVORAK_CUSTOM/high_jumps/20240409_183429.mp4'.
2024-04-19 08:57:59,914 [INFO] Currently processing: '/home/peter/dp/Human_Activity_Video_Recognition/data/input/DVORAK_CUSTOM/high_jumps/20240409_182527.mp4'.
2024-04-19 08:58:01,006 [INFO] Currently processing: '/home/peter/dp/Human_Activity_Video_Recognition/data/input/DVORAK_CUSTOM/high_jumps/20240409_184608.mp4'.
2024-04-19 08:58:02,456 [INFO] Currently processing: '/home/peter/dp/Human_Activity_Video_Recognition/data/input/DVORAK_CUSTOM/high_jumps/20240414_171659.mp4'.
2024-04-19 08:58:03,519 [INFO] Currently processing: '/home/peter/dp/Human_Activity_Video_Recognition/data/input/DVORAK_CUSTOM/high_jumps/20240414_172205.mp4'.
2024-04-19 08:58:04,951 [INFO] Currently processing: '/home/peter/dp/Human_Activity_Video_Recognition/data/input/DVORAK_CUSTOM/high_jumps/20231209_122107.mp4'.
2024-04-19 08:58:05,940 [INFO] Currently processing: '/home/peter/dp/Human_Activity_Video_Recognition/data/input/DVORAK_CUSTOM/high_jumps/20240409_183406.mp4'.
2024-04-19 08:58:07,022 [INFO] Currently processing: '/home/peter/dp/Human_Activity_Video_Recognition/data/input/DVORAK_CUSTOM/high_jumps/20240409_183720.mp4'.
2024-04-19 08:58:08,182 [INFO] Currently processing: '/home/peter/dp/Human_Activity_Video_Recognition/data/input/DVORAK_CUSTOM/high_jumps/20240414_171718.mp4'.
2024-04-19 08:58:09,545 [INFO] Currently processing: '/home/peter/dp/Human_Activity_Video_Recognition/data/input/DVORAK_CUSTOM/high_jumps/20240409_182206.mp4'.
2024-04-19 08:58:10,622 [INFO] Currently processing: '/home/peter/dp/Human_Activity_Video_Recognition/data/input/DVORAK_CUSTOM/high_jumps/20231209_121521.mp4'.
2024-04-19 08:58:11,356 [INFO] Currently processing: '/home/peter/dp/Human_Activity_Video_Recognition/data/input/DVORAK_CUSTOM/high_jumps/20240409_183743.mp4'.
2024-04-19 08:58:12,560 [INFO] Currently processing: '/home/peter/dp/Human_Activity_Video_Recognition/data/input/DVORAK_CUSTOM/high_jumps/20231209_120940.mp4'.
2024-04-19 08:58:13,884 [INFO] Currently processing: '/home/peter/dp/Human_Activity_Video_Recognition/data/input/DVORAK_CUSTOM/high_jumps/20240414_173437.mp4'.
2024-04-19 08:58:15,457 [INFO] Currently processing: '/home/peter/dp/Human_Activity_Video_Recognition/data/input/DVORAK_CUSTOM/high_jumps/20240409_182513.mp4'.
2024-04-19 08:58:16,773 [INFO] Currently processing: '/home/peter/dp/Human_Activity_Video_Recognition/data/input/DVORAK_CUSTOM/high_jumps/20231209_120926.mp4'.
2024-04-19 08:58:17,571 [INFO] Currently processing: '/home/peter/dp/Human_Activity_Video_Recognition/data/input/DVORAK_CUSTOM/high_jumps/20240414_174054.mp4'.
2024-04-19 08:58:19,373 [INFO] Currently processing: '/home/peter/dp/Human_Activity_Video_Recognition/data/input/DVORAK_CUSTOM/high_jumps/20231209_122118.mp4'.
2024-04-19 08:58:20,635 [INFO] Currently processing: '/home/peter/dp/Human_Activity_Video_Recognition/data/input/DVORAK_CUSTOM/high_jumps/20240414_173459.mp4'.
2024-04-19 08:58:22,204 [INFO] Currently processing: '/home/peter/dp/Human_Activity_Video_Recognition/data/input/DVORAK_CUSTOM/high_jumps/20240414_171649.mp4'.
2024-04-19 08:58:23,564 [INFO] Currently processing: '/home/peter/dp/Human_Activity_Video_Recognition/data/input/DVORAK_CUSTOM/high_jumps/20240409_184643.mp4'.
2024-04-19 08:58:24,964 [INFO] Currently processing: '/home/peter/dp/Human_Activity_Video_Recognition/data/input/DVORAK_CUSTOM/high_jumps/20231209_122739.mp4'.
2024-04-19 08:58:26,094 [INFO] Currently processing: '/home/peter/dp/Human_Activity_Video_Recognition/data/input/DVORAK_CUSTOM/high_jumps/20240414_174113.mp4'.
2024-04-19 08:58:27,605 [INFO] Currently processing: '/home/peter/dp/Human_Activity_Video_Recognition/data/input/DVORAK_CUSTOM/high_jumps/20231209_120919.mp4'.
2024-04-19 08:58:28,713 [INFO] Currently processing: '/home/peter/dp/Human_Activity_Video_Recognition/data/input/DVORAK_CUSTOM/high_jumps/20240414_172921.mp4'.
2024-04-19 08:58:30,231 [INFO] Currently processing: '/home/peter/dp/Human_Activity_Video_Recognition/data/input/DVORAK_CUSTOM/high_jumps/20240409_183419.mp4'.
2024-04-19 08:58:31,301 [INFO] Currently processing: '/home/peter/dp/Human_Activity_Video_Recognition/data/input/DVORAK_CUSTOM/high_jumps/20231209_121509.mp4'.
2024-04-19 08:58:32,137 [INFO] Currently processing: '/home/peter/dp/Human_Activity_Video_Recognition/data/input/DVORAK_CUSTOM/high_jumps/20240409_182439.mp4'.
2024-04-19 08:58:33,145 [INFO] Currently processing: '/home/peter/dp/Human_Activity_Video_Recognition/data/input/DVORAK_CUSTOM/high_jumps/20231209_120129.mp4'.
2024-04-19 08:58:34,378 [INFO] Currently processing: '/home/peter/dp/Human_Activity_Video_Recognition/data/input/DVORAK_CUSTOM/high_jumps/20240414_172901.mp4'.
2024-04-19 08:58:35,843 [INFO] Currently processing: '/home/peter/dp/Human_Activity_Video_Recognition/data/input/DVORAK_CUSTOM/high_jumps/20231209_121532.mp4'.
2024-04-19 08:58:37,064 [INFO] Currently processing: '/home/peter/dp/Human_Activity_Video_Recognition/data/input/DVORAK_CUSTOM/high_jumps/20240414_172910.mp4'.
2024-04-19 08:58:38,129 [INFO] Currently processing: '/home/peter/dp/Human_Activity_Video_Recognition/data/input/DVORAK_CUSTOM/high_jumps/20240409_182140.mp4'.
2024-04-19 08:58:39,305 [INFO] Currently processing: '/home/peter/dp/Human_Activity_Video_Recognition/data/input/DVORAK_CUSTOM/high_jumps/20240414_173446.mp4'.
2024-04-19 08:58:41,104 [INFO] Currently processing: '/home/peter/dp/Human_Activity_Video_Recognition/data/input/DVORAK_CUSTOM/high_jumps/20240409_185022.mp4'.
2024-04-19 08:58:42,462 [INFO] Currently processing: '/home/peter/dp/Human_Activity_Video_Recognition/data/input/DVORAK_CUSTOM/high_jumps/20240409_183702.mp4'.
2024-04-19 08:58:43,537 [INFO] Currently processing: '/home/peter/dp/Human_Activity_Video_Recognition/data/input/DVORAK_CUSTOM/high_jumps/20240409_183056.mp4'.
2024-04-19 08:58:44,478 [INFO] Processing the 'squat' data class.
2024-04-19 08:58:44,478 [INFO] Currently processing: '/home/peter/dp/Human_Activity_Video_Recognition/data/input/DVORAK_CUSTOM/squat/20231209_122641.mp4'.
2024-04-19 08:58:44,521 [INFO] Creating folder: /home/peter/dp/Human_Activity_Video_Recognition/data/processed/extracted/W_64_H_64_S_20/DVORAK_CUSTOM/squat
2024-04-19 08:58:45,540 [INFO] Currently processing: '/home/peter/dp/Human_Activity_Video_Recognition/data/input/DVORAK_CUSTOM/squat/20231209_120842.mp4'.
2024-04-19 08:58:46,578 [INFO] Currently processing: '/home/peter/dp/Human_Activity_Video_Recognition/data/input/DVORAK_CUSTOM/squat/20240414_172520.mp4'.
2024-04-19 08:58:47,925 [INFO] Currently processing: '/home/peter/dp/Human_Activity_Video_Recognition/data/input/DVORAK_CUSTOM/squat/20240409_180802.mp4'.
2024-04-19 08:58:49,020 [INFO] Currently processing: '/home/peter/dp/Human_Activity_Video_Recognition/data/input/DVORAK_CUSTOM/squat/20240409_183207.mp4'.
2024-04-19 08:58:50,262 [INFO] Currently processing: '/home/peter/dp/Human_Activity_Video_Recognition/data/input/DVORAK_CUSTOM/squat/20240409_182112.mp4'.
2024-04-19 08:58:51,606 [INFO] Currently processing: '/home/peter/dp/Human_Activity_Video_Recognition/data/input/DVORAK_CUSTOM/squat/20240409_184936.mp4'.
2024-04-19 08:58:53,198 [INFO] Currently processing: '/home/peter/dp/Human_Activity_Video_Recognition/data/input/DVORAK_CUSTOM/squat/20240409_175914.mp4'.
2024-04-19 08:58:54,263 [INFO] Currently processing: '/home/peter/dp/Human_Activity_Video_Recognition/data/input/DVORAK_CUSTOM/squat/20240414_171250.mp4'.
2024-04-19 08:58:55,271 [INFO] Currently processing: '/home/peter/dp/Human_Activity_Video_Recognition/data/input/DVORAK_CUSTOM/squat/20240414_172459.mp4'.
2024-04-19 08:58:56,565 [INFO] Currently processing: '/home/peter/dp/Human_Activity_Video_Recognition/data/input/DVORAK_CUSTOM/squat/20240409_184532.mp4'.
2024-04-19 08:58:58,617 [INFO] Currently processing: '/home/peter/dp/Human_Activity_Video_Recognition/data/input/DVORAK_CUSTOM/squat/20240409_182653.mp4'.
2024-04-19 08:58:59,674 [INFO] Currently processing: '/home/peter/dp/Human_Activity_Video_Recognition/data/input/DVORAK_CUSTOM/squat/20231209_120808.mp4'.
2024-04-19 08:59:00,626 [INFO] Currently processing: '/home/peter/dp/Human_Activity_Video_Recognition/data/input/DVORAK_CUSTOM/squat/20240409_175859.mp4'.
2024-04-19 08:59:01,824 [INFO] Currently processing: '/home/peter/dp/Human_Activity_Video_Recognition/data/input/DVORAK_CUSTOM/squat/20240414_171915.mp4'.
2024-04-19 08:59:03,055 [INFO] Currently processing: '/home/peter/dp/Human_Activity_Video_Recognition/data/input/DVORAK_CUSTOM/squat/20231209_115635.mp4'.
2024-04-19 08:59:04,069 [INFO] Currently processing: '/home/peter/dp/Human_Activity_Video_Recognition/data/input/DVORAK_CUSTOM/squat/20240409_175731.mp4'.
2024-04-19 08:59:05,406 [INFO] Currently processing: '/home/peter/dp/Human_Activity_Video_Recognition/data/input/DVORAK_CUSTOM/squat/20240414_173804.mp4'.
2024-04-19 08:59:06,799 [INFO] Currently processing: '/home/peter/dp/Human_Activity_Video_Recognition/data/input/DVORAK_CUSTOM/squat/20240409_175746.mp4'.
2024-04-19 08:59:07,932 [INFO] Currently processing: '/home/peter/dp/Human_Activity_Video_Recognition/data/input/DVORAK_CUSTOM/squat/20240409_184519.mp4'.
2024-04-19 08:59:09,714 [INFO] Currently processing: '/home/peter/dp/Human_Activity_Video_Recognition/data/input/DVORAK_CUSTOM/squat/20240409_183540.mp4'.
2024-04-19 08:59:11,056 [INFO] Currently processing: '/home/peter/dp/Human_Activity_Video_Recognition/data/input/DVORAK_CUSTOM/squat/20231209_115715.mp4'.
2024-04-19 08:59:11,963 [INFO] Currently processing: '/home/peter/dp/Human_Activity_Video_Recognition/data/input/DVORAK_CUSTOM/squat/20240414_171936.mp4'.
2024-04-19 08:59:13,140 [INFO] Currently processing: '/home/peter/dp/Human_Activity_Video_Recognition/data/input/DVORAK_CUSTOM/squat/20240409_182714.mp4'.
2024-04-19 08:59:14,240 [INFO] Currently processing: '/home/peter/dp/Human_Activity_Video_Recognition/data/input/DVORAK_CUSTOM/squat/20240409_175446.mp4'.
2024-04-19 08:59:16,529 [INFO] Currently processing: '/home/peter/dp/Human_Activity_Video_Recognition/data/input/DVORAK_CUSTOM/squat/20240414_173151.mp4'.
2024-04-19 08:59:18,150 [INFO] Currently processing: '/home/peter/dp/Human_Activity_Video_Recognition/data/input/DVORAK_CUSTOM/squat/20240409_180813.mp4'.
2024-04-19 08:59:19,156 [INFO] Currently processing: '/home/peter/dp/Human_Activity_Video_Recognition/data/input/DVORAK_CUSTOM/squat/20231209_120828.mp4'.
2024-04-19 08:59:20,007 [INFO] Currently processing: '/home/peter/dp/Human_Activity_Video_Recognition/data/input/DVORAK_CUSTOM/squat/20240414_172532.mp4'.
2024-04-19 08:59:21,697 [INFO] Currently processing: '/home/peter/dp/Human_Activity_Video_Recognition/data/input/DVORAK_CUSTOM/squat/20240409_175502.mp4'.
2024-04-19 08:59:23,625 [INFO] Currently processing: '/home/peter/dp/Human_Activity_Video_Recognition/data/input/DVORAK_CUSTOM/squat/20240409_175931.mp4'.
2024-04-19 08:59:24,769 [INFO] Currently processing: '/home/peter/dp/Human_Activity_Video_Recognition/data/input/DVORAK_CUSTOM/squat/20240414_171346.mp4'.
2024-04-19 08:59:25,750 [INFO] Currently processing: '/home/peter/dp/Human_Activity_Video_Recognition/data/input/DVORAK_CUSTOM/squat/20240409_175801.mp4'.
2024-04-19 08:59:27,015 [INFO] Currently processing: '/home/peter/dp/Human_Activity_Video_Recognition/data/input/DVORAK_CUSTOM/squat/20240409_184927.mp4'.
2024-04-19 08:59:28,505 [INFO] Currently processing: '/home/peter/dp/Human_Activity_Video_Recognition/data/input/DVORAK_CUSTOM/squat/20240414_171332.mp4'.
2024-04-19 08:59:29,642 [INFO] Currently processing: '/home/peter/dp/Human_Activity_Video_Recognition/data/input/DVORAK_CUSTOM/squat/20240414_173816.mp4'.
2024-04-19 08:59:30,937 [INFO] Currently processing: '/home/peter/dp/Human_Activity_Video_Recognition/data/input/DVORAK_CUSTOM/squat/20240414_173201.mp4'.
2024-04-19 08:59:32,845 [INFO] Currently processing: '/home/peter/dp/Human_Activity_Video_Recognition/data/input/DVORAK_CUSTOM/squat/20240414_173212.mp4'.
2024-04-19 08:59:34,549 [INFO] Currently processing: '/home/peter/dp/Human_Activity_Video_Recognition/data/input/DVORAK_CUSTOM/squat/20231209_122702.mp4'.
2024-04-19 08:59:35,353 [INFO] Currently processing: '/home/peter/dp/Human_Activity_Video_Recognition/data/input/DVORAK_CUSTOM/squat/20240409_175624.mp4'.
2024-04-19 08:59:36,573 [INFO] Currently processing: '/home/peter/dp/Human_Activity_Video_Recognition/data/input/DVORAK_CUSTOM/squat/20240409_183631.mp4'.
2024-04-19 08:59:37,630 [INFO] Currently processing: '/home/peter/dp/Human_Activity_Video_Recognition/data/input/DVORAK_CUSTOM/squat/20240409_184948.mp4'.
2024-04-19 08:59:39,453 [INFO] Currently processing: '/home/peter/dp/Human_Activity_Video_Recognition/data/input/DVORAK_CUSTOM/squat/20231209_121330.mp4'.
2024-04-19 08:59:40,509 [INFO] Currently processing: '/home/peter/dp/Human_Activity_Video_Recognition/data/input/DVORAK_CUSTOM/squat/20240409_182734.mp4'.
2024-04-19 08:59:41,648 [INFO] Currently processing: '/home/peter/dp/Human_Activity_Video_Recognition/data/input/DVORAK_CUSTOM/squat/20231209_121315.mp4'.
2024-04-19 08:59:42,839 [INFO] Currently processing: '/home/peter/dp/Human_Activity_Video_Recognition/data/input/DVORAK_CUSTOM/squat/20231209_122021.mp4'.
2024-04-19 08:59:43,806 [INFO] Currently processing: '/home/peter/dp/Human_Activity_Video_Recognition/data/input/DVORAK_CUSTOM/squat/20231209_121343.mp4'.
2024-04-19 08:59:44,993 [INFO] Currently processing: '/home/peter/dp/Human_Activity_Video_Recognition/data/input/DVORAK_CUSTOM/squat/20240409_183153.mp4'.
2024-04-19 08:59:46,780 [INFO] Currently processing: '/home/peter/dp/Human_Activity_Video_Recognition/data/input/DVORAK_CUSTOM/squat/20240409_183141.mp4'.
2024-04-19 08:59:47,933 [INFO] Currently processing: '/home/peter/dp/Human_Activity_Video_Recognition/data/input/DVORAK_CUSTOM/squat/20240414_171924.mp4'.
2024-04-19 08:59:49,066 [INFO] Currently processing: '/home/peter/dp/Human_Activity_Video_Recognition/data/input/DVORAK_CUSTOM/squat/20240409_184546.mp4'.
2024-04-19 08:59:50,457 [INFO] Currently processing: '/home/peter/dp/Human_Activity_Video_Recognition/data/input/DVORAK_CUSTOM/squat/20240409_175519.mp4'.
2024-04-19 08:59:52,799 [INFO] Currently processing: '/home/peter/dp/Human_Activity_Video_Recognition/data/input/DVORAK_CUSTOM/squat/20231209_121956.mp4'.
2024-04-19 08:59:53,660 [INFO] Currently processing: '/home/peter/dp/Human_Activity_Video_Recognition/data/input/DVORAK_CUSTOM/squat/20231209_115653.mp4'.
2024-04-19 08:59:54,573 [INFO] Currently processing: '/home/peter/dp/Human_Activity_Video_Recognition/data/input/DVORAK_CUSTOM/squat/20231209_122622.mp4'.
2024-04-19 08:59:55,474 [INFO] Currently processing: '/home/peter/dp/Human_Activity_Video_Recognition/data/input/DVORAK_CUSTOM/squat/20231209_122008.mp4'.
2024-04-19 08:59:56,329 [INFO] Currently processing: '/home/peter/dp/Human_Activity_Video_Recognition/data/input/DVORAK_CUSTOM/squat/20240409_183611.mp4'.
2024-04-19 08:59:57,679 [INFO] Currently processing: '/home/peter/dp/Human_Activity_Video_Recognition/data/input/DVORAK_CUSTOM/squat/20240414_173753.mp4'.
2024-04-19 08:59:59,356 [INFO] Currently processing: '/home/peter/dp/Human_Activity_Video_Recognition/data/input/DVORAK_CUSTOM/squat/20240409_175642.mp4'.
2024-04-19 09:00:00,485 [INFO] Currently processing: '/home/peter/dp/Human_Activity_Video_Recognition/data/input/DVORAK_CUSTOM/squat/20240409_175610.mp4'.
2024-04-19 09:00:01,651 [INFO] Processing the 'lunges' data class.
2024-04-19 09:00:01,651 [INFO] Currently processing: '/home/peter/dp/Human_Activity_Video_Recognition/data/input/DVORAK_CUSTOM/lunges/20231209_121431.mp4'.
2024-04-19 09:00:01,705 [INFO] Creating folder: /home/peter/dp/Human_Activity_Video_Recognition/data/processed/extracted/W_64_H_64_S_20/DVORAK_CUSTOM/lunges
2024-04-19 09:00:02,575 [INFO] Currently processing: '/home/peter/dp/Human_Activity_Video_Recognition/data/input/DVORAK_CUSTOM/lunges/20240409_184205.mp4'.
2024-04-19 09:00:04,052 [INFO] Currently processing: '/home/peter/dp/Human_Activity_Video_Recognition/data/input/DVORAK_CUSTOM/lunges/20240409_182254.mp4'.
2024-04-19 09:00:05,473 [INFO] Currently processing: '/home/peter/dp/Human_Activity_Video_Recognition/data/input/DVORAK_CUSTOM/lunges/20240409_182311.mp4'.
2024-04-19 09:00:06,622 [INFO] Currently processing: '/home/peter/dp/Human_Activity_Video_Recognition/data/input/DVORAK_CUSTOM/lunges/20231209_121849.mp4'.
2024-04-19 09:00:07,571 [INFO] Currently processing: '/home/peter/dp/Human_Activity_Video_Recognition/data/input/DVORAK_CUSTOM/lunges/20240414_172114.mp4'.
2024-04-19 09:00:08,885 [INFO] Currently processing: '/home/peter/dp/Human_Activity_Video_Recognition/data/input/DVORAK_CUSTOM/lunges/20231209_120708.mp4'.
2024-04-19 09:00:10,260 [INFO] Currently processing: '/home/peter/dp/Human_Activity_Video_Recognition/data/input/DVORAK_CUSTOM/lunges/20231209_122529.mp4'.
2024-04-19 09:00:11,507 [INFO] Currently processing: '/home/peter/dp/Human_Activity_Video_Recognition/data/input/DVORAK_CUSTOM/lunges/20231209_121838.mp4'.
2024-04-19 09:00:12,552 [INFO] Currently processing: '/home/peter/dp/Human_Activity_Video_Recognition/data/input/DVORAK_CUSTOM/lunges/20240414_172806.mp4'.
2024-04-19 09:00:13,889 [INFO] Currently processing: '/home/peter/dp/Human_Activity_Video_Recognition/data/input/DVORAK_CUSTOM/lunges/20240409_180529.mp4'.
2024-04-19 09:00:15,151 [INFO] Currently processing: '/home/peter/dp/Human_Activity_Video_Recognition/data/input/DVORAK_CUSTOM/lunges/20240414_172131.mp4'.
2024-04-19 09:00:16,938 [INFO] Currently processing: '/home/peter/dp/Human_Activity_Video_Recognition/data/input/DVORAK_CUSTOM/lunges/20231209_115953.mp4'.
2024-04-19 09:00:18,113 [INFO] Currently processing: '/home/peter/dp/Human_Activity_Video_Recognition/data/input/DVORAK_CUSTOM/lunges/20231209_115926.mp4'.
2024-04-19 09:00:19,640 [INFO] Currently processing: '/home/peter/dp/Human_Activity_Video_Recognition/data/input/DVORAK_CUSTOM/lunges/20231209_121444.mp4'.
2024-04-19 09:00:20,810 [INFO] Currently processing: '/home/peter/dp/Human_Activity_Video_Recognition/data/input/DVORAK_CUSTOM/lunges/20240414_172054.mp4'.
2024-04-19 09:00:22,214 [INFO] Currently processing: '/home/peter/dp/Human_Activity_Video_Recognition/data/input/DVORAK_CUSTOM/lunges/20240409_182938.mp4'.
2024-04-19 09:00:23,276 [INFO] Currently processing: '/home/peter/dp/Human_Activity_Video_Recognition/data/input/DVORAK_CUSTOM/lunges/20240414_174018.mp4'.
2024-04-19 09:00:24,902 [INFO] Currently processing: '/home/peter/dp/Human_Activity_Video_Recognition/data/input/DVORAK_CUSTOM/lunges/20231209_121419.mp4'.
2024-04-19 09:00:26,060 [INFO] Currently processing: '/home/peter/dp/Human_Activity_Video_Recognition/data/input/DVORAK_CUSTOM/lunges/20231209_122559.mp4'.
2024-04-19 09:00:27,571 [INFO] Currently processing: '/home/peter/dp/Human_Activity_Video_Recognition/data/input/DVORAK_CUSTOM/lunges/20240414_174031.mp4'.
2024-04-19 09:00:29,074 [INFO] Currently processing: '/home/peter/dp/Human_Activity_Video_Recognition/data/input/DVORAK_CUSTOM/lunges/20231209_120750.mp4'.
2024-04-19 09:00:29,882 [INFO] Currently processing: '/home/peter/dp/Human_Activity_Video_Recognition/data/input/DVORAK_CUSTOM/lunges/20240409_185055.mp4'.
2024-04-19 09:00:31,529 [INFO] Currently processing: '/home/peter/dp/Human_Activity_Video_Recognition/data/input/DVORAK_CUSTOM/lunges/20240409_183323.mp4'.
2024-04-19 09:00:32,908 [INFO] Currently processing: '/home/peter/dp/Human_Activity_Video_Recognition/data/input/DVORAK_CUSTOM/lunges/20240414_171542.mp4'.
2024-04-19 09:00:33,905 [INFO] Currently processing: '/home/peter/dp/Human_Activity_Video_Recognition/data/input/DVORAK_CUSTOM/lunges/20231209_120733.mp4'.
2024-04-19 09:00:34,816 [INFO] Currently processing: '/home/peter/dp/Human_Activity_Video_Recognition/data/input/DVORAK_CUSTOM/lunges/20240414_171559.mp4'.
2024-04-19 09:00:35,939 [INFO] Currently processing: '/home/peter/dp/Human_Activity_Video_Recognition/data/input/DVORAK_CUSTOM/lunges/20240409_180458.mp4'.
2024-04-19 09:00:37,562 [INFO] Currently processing: '/home/peter/dp/Human_Activity_Video_Recognition/data/input/DVORAK_CUSTOM/lunges/20240414_174004.mp4'.
2024-04-19 09:00:38,916 [INFO] Currently processing: '/home/peter/dp/Human_Activity_Video_Recognition/data/input/DVORAK_CUSTOM/lunges/20231209_122506.mp4'.
2024-04-19 09:00:39,700 [INFO] Currently processing: '/home/peter/dp/Human_Activity_Video_Recognition/data/input/DVORAK_CUSTOM/lunges/20240409_185040.mp4'.
2024-04-19 09:00:41,504 [INFO] Currently processing: '/home/peter/dp/Human_Activity_Video_Recognition/data/input/DVORAK_CUSTOM/lunges/20240409_182913.mp4'.
2024-04-19 09:00:43,005 [INFO] Currently processing: '/home/peter/dp/Human_Activity_Video_Recognition/data/input/DVORAK_CUSTOM/lunges/20231209_121901.mp4'.
2024-04-19 09:00:43,765 [INFO] Currently processing: '/home/peter/dp/Human_Activity_Video_Recognition/data/input/DVORAK_CUSTOM/lunges/20231209_120025.mp4'.
2024-04-19 09:00:44,507 [INFO] Currently processing: '/home/peter/dp/Human_Activity_Video_Recognition/data/input/DVORAK_CUSTOM/lunges/20240409_183345.mp4'.
2024-04-19 09:00:46,081 [INFO] Currently processing: '/home/peter/dp/Human_Activity_Video_Recognition/data/input/DVORAK_CUSTOM/lunges/20240414_172819.mp4'.
2024-04-19 09:00:47,441 [INFO] Currently processing: '/home/peter/dp/Human_Activity_Video_Recognition/data/input/DVORAK_CUSTOM/lunges/20231209_115854.mp4'.
2024-04-19 09:00:49,037 [INFO] Currently processing: '/home/peter/dp/Human_Activity_Video_Recognition/data/input/DVORAK_CUSTOM/lunges/20240409_184750.mp4'.
2024-04-19 09:00:50,484 [INFO] Currently processing: '/home/peter/dp/Human_Activity_Video_Recognition/data/input/DVORAK_CUSTOM/lunges/20240414_173408.mp4'.
2024-04-19 09:00:51,999 [INFO] Currently processing: '/home/peter/dp/Human_Activity_Video_Recognition/data/input/DVORAK_CUSTOM/lunges/20240409_180605.mp4'.
2024-04-19 09:00:53,213 [INFO] Currently processing: '/home/peter/dp/Human_Activity_Video_Recognition/data/input/DVORAK_CUSTOM/lunges/20240409_184254.mp4'.
2024-04-19 09:00:54,692 [INFO] Currently processing: '/home/peter/dp/Human_Activity_Video_Recognition/data/input/DVORAK_CUSTOM/lunges/20240414_171520.mp4'.
2024-04-19 09:00:56,408 [INFO] Currently processing: '/home/peter/dp/Human_Activity_Video_Recognition/data/input/DVORAK_CUSTOM/lunges/20240409_184234.mp4'.
2024-04-19 09:00:57,673 [INFO] Currently processing: '/home/peter/dp/Human_Activity_Video_Recognition/data/input/DVORAK_CUSTOM/lunges/20240409_182331.mp4'.
2024-04-19 09:00:58,930 [INFO] Currently processing: '/home/peter/dp/Human_Activity_Video_Recognition/data/input/DVORAK_CUSTOM/lunges/20240409_183307.mp4'.
2024-04-19 09:01:00,190 [INFO] Currently processing: '/home/peter/dp/Human_Activity_Video_Recognition/data/input/DVORAK_CUSTOM/lunges/20240414_172753.mp4'.
2024-04-19 09:01:01,315 [INFO] Currently processing: '/home/peter/dp/Human_Activity_Video_Recognition/data/input/DVORAK_CUSTOM/lunges/20240414_173423.mp4'.
2024-04-19 09:01:03,174 [INFO] Currently processing: '/home/peter/dp/Human_Activity_Video_Recognition/data/input/DVORAK_CUSTOM/lunges/20231209_120017.mp4'.
2024-04-19 09:01:04,402 [INFO] Currently processing: '/home/peter/dp/Human_Activity_Video_Recognition/data/input/DVORAK_CUSTOM/lunges/20240409_184807.mp4'.
2024-04-19 09:01:05,817 [INFO] Currently processing: '/home/peter/dp/Human_Activity_Video_Recognition/data/input/DVORAK_CUSTOM/lunges/20240409_185109.mp4'.
2024-04-19 09:01:07,239 [INFO] Currently processing: '/home/peter/dp/Human_Activity_Video_Recognition/data/input/DVORAK_CUSTOM/lunges/20240409_183007.mp4'.
2024-04-19 09:01:08,532 [INFO] Currently processing: '/home/peter/dp/Human_Activity_Video_Recognition/data/input/DVORAK_CUSTOM/lunges/20240409_184732.mp4'.
2024-04-19 09:01:10,012 [INFO] Currently processing: '/home/peter/dp/Human_Activity_Video_Recognition/data/input/DVORAK_CUSTOM/lunges/20240414_173354.mp4'.
2024-04-19 09:01:11,435 [INFO] Processing the 'jumping_jacks' data class.
2024-04-19 09:01:11,436 [INFO] Currently processing: '/home/peter/dp/Human_Activity_Video_Recognition/data/input/DVORAK_CUSTOM/jumping_jacks/20240414_171427.mp4'.
2024-04-19 09:01:11,540 [INFO] Creating folder: /home/peter/dp/Human_Activity_Video_Recognition/data/processed/extracted/W_64_H_64_S_20/DVORAK_CUSTOM/jumping_jacks
2024-04-19 09:01:12,486 [INFO] Currently processing: '/home/peter/dp/Human_Activity_Video_Recognition/data/input/DVORAK_CUSTOM/jumping_jacks/20240409_184839.mp4'.
2024-04-19 09:01:14,203 [INFO] Currently processing: '/home/peter/dp/Human_Activity_Video_Recognition/data/input/DVORAK_CUSTOM/jumping_jacks/20231209_120536.mp4'.
2024-04-19 09:01:15,698 [INFO] Currently processing: '/home/peter/dp/Human_Activity_Video_Recognition/data/input/DVORAK_CUSTOM/jumping_jacks/20231209_121244.mp4'.
2024-04-19 09:01:17,418 [INFO] Currently processing: '/home/peter/dp/Human_Activity_Video_Recognition/data/input/DVORAK_CUSTOM/jumping_jacks/20231209_121230.mp4'.
2024-04-19 09:01:18,659 [INFO] Currently processing: '/home/peter/dp/Human_Activity_Video_Recognition/data/input/DVORAK_CUSTOM/jumping_jacks/20240409_180745.mp4'.
2024-04-19 09:01:19,761 [INFO] Currently processing: '/home/peter/dp/Human_Activity_Video_Recognition/data/input/DVORAK_CUSTOM/jumping_jacks/20231209_115530.mp4'.
2024-04-19 09:01:20,591 [INFO] Currently processing: '/home/peter/dp/Human_Activity_Video_Recognition/data/input/DVORAK_CUSTOM/jumping_jacks/20240414_172032.mp4'.
2024-04-19 09:01:21,764 [INFO] Currently processing: '/home/peter/dp/Human_Activity_Video_Recognition/data/input/DVORAK_CUSTOM/jumping_jacks/20240414_173306.mp4'.
2024-04-19 09:01:23,736 [INFO] Currently processing: '/home/peter/dp/Human_Activity_Video_Recognition/data/input/DVORAK_CUSTOM/jumping_jacks/20231209_122413.mp4'.
2024-04-19 09:01:25,967 [INFO] Currently processing: '/home/peter/dp/Human_Activity_Video_Recognition/data/input/DVORAK_CUSTOM/jumping_jacks/20231209_120642.mp4'.
2024-04-19 09:01:26,856 [INFO] Currently processing: '/home/peter/dp/Human_Activity_Video_Recognition/data/input/DVORAK_CUSTOM/jumping_jacks/20240409_180210.mp4'.
2024-04-19 09:01:28,481 [INFO] Currently processing: '/home/peter/dp/Human_Activity_Video_Recognition/data/input/DVORAK_CUSTOM/jumping_jacks/20240409_184829.mp4'.
2024-04-19 09:01:29,936 [INFO] Currently processing: '/home/peter/dp/Human_Activity_Video_Recognition/data/input/DVORAK_CUSTOM/jumping_jacks/20240409_180247.mp4'.
2024-04-19 09:01:31,744 [INFO] Currently processing: '/home/peter/dp/Human_Activity_Video_Recognition/data/input/DVORAK_CUSTOM/jumping_jacks/20240414_173319.mp4'.
2024-04-19 09:01:33,332 [INFO] Currently processing: '/home/peter/dp/Human_Activity_Video_Recognition/data/input/DVORAK_CUSTOM/jumping_jacks/20240414_172008.mp4'.
2024-04-19 09:01:34,932 [INFO] Currently processing: '/home/peter/dp/Human_Activity_Video_Recognition/data/input/DVORAK_CUSTOM/jumping_jacks/20240409_180228.mp4'.
2024-04-19 09:01:36,475 [INFO] Currently processing: '/home/peter/dp/Human_Activity_Video_Recognition/data/input/DVORAK_CUSTOM/jumping_jacks/20240414_172713.mp4'.
2024-04-19 09:01:38,324 [INFO] Currently processing: '/home/peter/dp/Human_Activity_Video_Recognition/data/input/DVORAK_CUSTOM/jumping_jacks/20231209_115350.mp4'.
2024-04-19 09:01:39,557 [INFO] Currently processing: '/home/peter/dp/Human_Activity_Video_Recognition/data/input/DVORAK_CUSTOM/jumping_jacks/20231209_121640.mp4'.
2024-04-19 09:01:41,161 [INFO] Currently processing: '/home/peter/dp/Human_Activity_Video_Recognition/data/input/DVORAK_CUSTOM/jumping_jacks/20231209_121626.mp4'.
2024-04-19 09:01:42,839 [INFO] Currently processing: '/home/peter/dp/Human_Activity_Video_Recognition/data/input/DVORAK_CUSTOM/jumping_jacks/20240409_180421.mp4'.
2024-04-19 09:01:44,204 [INFO] Currently processing: '/home/peter/dp/Human_Activity_Video_Recognition/data/input/DVORAK_CUSTOM/jumping_jacks/20240414_171440.mp4'.
2024-04-19 09:01:45,945 [INFO] Currently processing: '/home/peter/dp/Human_Activity_Video_Recognition/data/input/DVORAK_CUSTOM/jumping_jacks/20231209_115508.mp4'.
2024-04-19 09:01:47,393 [INFO] Currently processing: '/home/peter/dp/Human_Activity_Video_Recognition/data/input/DVORAK_CUSTOM/jumping_jacks/20240414_172020.mp4'.
2024-04-19 09:01:48,542 [INFO] Currently processing: '/home/peter/dp/Human_Activity_Video_Recognition/data/input/DVORAK_CUSTOM/jumping_jacks/20240409_180728.mp4'.
2024-04-19 09:01:49,747 [INFO] Currently processing: '/home/peter/dp/Human_Activity_Video_Recognition/data/input/DVORAK_CUSTOM/jumping_jacks/20231209_121257.mp4'.
2024-04-19 09:01:50,763 [INFO] Currently processing: '/home/peter/dp/Human_Activity_Video_Recognition/data/input/DVORAK_CUSTOM/jumping_jacks/20240414_173847.mp4'.
2024-04-19 09:01:53,141 [INFO] Currently processing: '/home/peter/dp/Human_Activity_Video_Recognition/data/input/DVORAK_CUSTOM/jumping_jacks/20240414_173828.mp4'.
2024-04-19 09:01:54,675 [INFO] Currently processing: '/home/peter/dp/Human_Activity_Video_Recognition/data/input/DVORAK_CUSTOM/jumping_jacks/20240409_185124.mp4'.
2024-04-19 09:01:56,224 [INFO] Currently processing: '/home/peter/dp/Human_Activity_Video_Recognition/data/input/DVORAK_CUSTOM/jumping_jacks/20240409_185134.mp4'.
2024-04-19 09:01:58,041 [INFO] Currently processing: '/home/peter/dp/Human_Activity_Video_Recognition/data/input/DVORAK_CUSTOM/jumping_jacks/20240409_180716.mp4'.
2024-04-19 09:01:59,503 [INFO] Currently processing: '/home/peter/dp/Human_Activity_Video_Recognition/data/input/DVORAK_CUSTOM/jumping_jacks/20240409_180407.mp4'.
2024-04-19 09:02:00,650 [INFO] Currently processing: '/home/peter/dp/Human_Activity_Video_Recognition/data/input/DVORAK_CUSTOM/jumping_jacks/20240409_182825.mp4'.
2024-04-19 09:02:02,026 [INFO] Currently processing: '/home/peter/dp/Human_Activity_Video_Recognition/data/input/DVORAK_CUSTOM/jumping_jacks/20240409_183235.mp4'.
2024-04-19 09:02:03,586 [INFO] Currently processing: '/home/peter/dp/Human_Activity_Video_Recognition/data/input/DVORAK_CUSTOM/jumping_jacks/20240409_184333.mp4'.
2024-04-19 09:02:04,727 [INFO] Currently processing: '/home/peter/dp/Human_Activity_Video_Recognition/data/input/DVORAK_CUSTOM/jumping_jacks/20231209_115410.mp4'.
2024-04-19 09:02:05,789 [INFO] Currently processing: '/home/peter/dp/Human_Activity_Video_Recognition/data/input/DVORAK_CUSTOM/jumping_jacks/20240409_180354.mp4'.
2024-04-19 09:02:07,139 [INFO] Currently processing: '/home/peter/dp/Human_Activity_Video_Recognition/data/input/DVORAK_CUSTOM/jumping_jacks/20231209_121652.mp4'.
2024-04-19 09:02:08,664 [INFO] Currently processing: '/home/peter/dp/Human_Activity_Video_Recognition/data/input/DVORAK_CUSTOM/jumping_jacks/20231209_120621.mp4'.
2024-04-19 09:02:09,478 [INFO] Currently processing: '/home/peter/dp/Human_Activity_Video_Recognition/data/input/DVORAK_CUSTOM/jumping_jacks/20231209_115328.mp4'.
2024-04-19 09:02:10,728 [INFO] Currently processing: '/home/peter/dp/Human_Activity_Video_Recognition/data/input/DVORAK_CUSTOM/jumping_jacks/20240414_172652.mp4'.
2024-04-19 09:02:11,924 [INFO] Currently processing: '/home/peter/dp/Human_Activity_Video_Recognition/data/input/DVORAK_CUSTOM/jumping_jacks/20240414_172702.mp4'.
2024-04-19 09:02:13,477 [INFO] Currently processing: '/home/peter/dp/Human_Activity_Video_Recognition/data/input/DVORAK_CUSTOM/jumping_jacks/20240409_182812.mp4'.
2024-04-19 09:02:14,848 [INFO] Currently processing: '/home/peter/dp/Human_Activity_Video_Recognition/data/input/DVORAK_CUSTOM/jumping_jacks/20240414_173254.mp4'.
2024-04-19 09:02:16,439 [INFO] Currently processing: '/home/peter/dp/Human_Activity_Video_Recognition/data/input/DVORAK_CUSTOM/jumping_jacks/20240409_183248.mp4'.
2024-04-19 09:02:17,550 [INFO] Currently processing: '/home/peter/dp/Human_Activity_Video_Recognition/data/input/DVORAK_CUSTOM/jumping_jacks/20240414_171414.mp4'.
2024-04-19 09:02:18,777 [INFO] Currently processing: '/home/peter/dp/Human_Activity_Video_Recognition/data/input/DVORAK_CUSTOM/jumping_jacks/20240409_184343.mp4'.
2024-04-19 09:02:20,335 [INFO] Currently processing: '/home/peter/dp/Human_Activity_Video_Recognition/data/input/DVORAK_CUSTOM/jumping_jacks/20231209_122448.mp4'.
2024-04-19 09:02:21,828 [INFO] Currently processing: '/home/peter/dp/Human_Activity_Video_Recognition/data/input/DVORAK_CUSTOM/jumping_jacks/20240409_185144.mp4'.
2024-04-19 09:02:23,228 [INFO] Currently processing: '/home/peter/dp/Human_Activity_Video_Recognition/data/input/DVORAK_CUSTOM/jumping_jacks/20240409_182837.mp4'.
2024-04-19 09:02:24,296 [INFO] Currently processing: '/home/peter/dp/Human_Activity_Video_Recognition/data/input/DVORAK_CUSTOM/jumping_jacks/20240409_184851.mp4'.
2024-04-19 09:02:26,170 [INFO] Currently processing: '/home/peter/dp/Human_Activity_Video_Recognition/data/input/DVORAK_CUSTOM/jumping_jacks/20240409_183223.mp4'.
2024-04-19 09:02:27,581 [INFO] Currently processing: '/home/peter/dp/Human_Activity_Video_Recognition/data/input/DVORAK_CUSTOM/jumping_jacks/20240414_173837.mp4'.
2024-04-19 09:02:29,089 [INFO] Currently processing: '/home/peter/dp/Human_Activity_Video_Recognition/data/input/DVORAK_CUSTOM/jumping_jacks/20231209_115544.mp4'.
2024-04-19 09:02:30,012 [INFO] Currently processing: '/home/peter/dp/Human_Activity_Video_Recognition/data/input/DVORAK_CUSTOM/jumping_jacks/20231209_122428.mp4'.
2024-04-19 09:02:31,238 [INFO] Currently processing: '/home/peter/dp/Human_Activity_Video_Recognition/data/input/DVORAK_CUSTOM/jumping_jacks/20240409_184322.mp4'.
2024-04-19 09:02:33,103 [INFO] Saving processed data to /home/peter/dp/Human_Activity_Video_Recognition/data/processed/pickled/DVORAK_CUSTOM/features_C_4_W_64_H_64_S_20.pkl .
2024-04-19 09:02:33,106 [INFO] Creating pickle folder /home/peter/dp/Human_Activity_Video_Recognition/data/processed/pickled/DVORAK_CUSTOM for processed data.
2024-04-19 09:02:37,877 [INFO] Saving processed data to /home/peter/dp/Human_Activity_Video_Recognition/data/processed/pickled/DVORAK_CUSTOM/labels_C_4_W_64_H_64_S_20.pkl .
2024-04-19 09:02:39,246 [INFO] Creating pickle folder /home/peter/dp/Human_Activity_Video_Recognition/data/processed/pickled/DVORAK_CUSTOM for processed data.
2024-04-19 09:02:40,874 [INFO] Saving processed data to /home/peter/dp/Human_Activity_Video_Recognition/data/processed/pickled/DVORAK_CUSTOM/video_paths_C_4_W_64_H_64_S_20.pkl .
2024-04-19 09:02:40,936 [INFO] Creating pickle folder /home/peter/dp/Human_Activity_Video_Recognition/data/processed/pickled/DVORAK_CUSTOM for processed data.
2024-04-19 09:02:41,041 [INFO] Finished processing the DVORAK_CUSTOM dataset.
2024-04-19 09:02:47,216 [INFO] Building Human Activity Recognition Model - CNN variant.
