2024-04-10 13:55:40,873 [INFO] Starting folder setup process.
2024-04-10 13:55:40,873 [INFO] Folder setup process finished successfully.
2024-04-10 13:55:40,873 [INFO] All necessary datasets are downloaded.
2024-04-10 13:55:40,873 [INFO] Starting Exploratory Data Analysis (EDA)
2024-04-10 13:55:40,874 [INFO] Running analysis on DVORAK_CUSTOM dataset.
2024-04-10 13:55:40,874 [INFO] The DVORAK_CUSTOM dataset contains 4 classes.
2024-04-10 13:55:46,131 [INFO] Data classes in the DVORAK_CUSTOM dataset contain on average 40.25 videos.
2024-04-10 13:55:46,132 [INFO] Videos in the DVORAK_CUSTOM dataset contain on average 285.54 frame.
2024-04-10 13:55:46,132 [INFO] Frames in the DVORAK_CUSTOM dataset on average have the width of 720.0 .
2024-04-10 13:55:46,132 [INFO] Frames in the DVORAK_CUSTOM dataset on average have the height of 1280.0 .
2024-04-10 13:55:46,132 [INFO] Videos in the DVORAK_CUSTOM dataset contain on average have 29.76 FPS.
2024-04-10 13:55:49,993 [INFO] Finished Exploratory Data Analysis (EDA)
2024-04-10 13:55:49,993 [INFO] Started processing the DVORAK_CUSTOM dataset.
2024-04-10 13:55:49,993 [INFO] Loading processed data from pickle files.
2024-04-10 13:55:50,177 [INFO] Finished processing the DVORAK_CUSTOM dataset.
2024-04-10 13:55:50,339 [INFO] Building Human Activity Recognition Model - ConvLSTM variant.
2024-04-10 13:55:50,720 [INFO] Finished building Human Activity Recognition Model - ConvLSTM variant.
2024-04-10 14:00:03,883 [INFO] Confusion Matrix:
[[3 0 0 1]
 [0 1 0 0]
 [1 0 3 0]
 [4 0 0 0]]
2024-04-10 14:00:04,169 [INFO] Classification Report:
               precision    recall  f1-score   support

   high_jumps       0.38      0.75      0.50         4
        squat       1.00      1.00      1.00         1
       lunges       1.00      0.75      0.86         4
jumping_jacks       0.00      0.00      0.00         4

     accuracy                           0.54        13
    macro avg       0.59      0.62      0.59        13
 weighted avg       0.50      0.54      0.49        13
