2024-04-10 15:41:35,149 [INFO] Starting folder setup process.
2024-04-10 15:41:35,149 [INFO] Folder setup process finished successfully.
2024-04-10 15:41:35,149 [INFO] All necessary datasets are downloaded.
2024-04-10 15:41:35,149 [INFO] Starting Exploratory Data Analysis (EDA)
2024-04-10 15:41:35,149 [INFO] Running analysis on DVORAK_CUSTOM dataset.
2024-04-10 15:41:35,149 [INFO] The DVORAK_CUSTOM dataset contains 4 classes.
2024-04-10 15:41:40,408 [INFO] Data classes in the DVORAK_CUSTOM dataset contain on average 40.25 videos.
2024-04-10 15:41:40,409 [INFO] Videos in the DVORAK_CUSTOM dataset contain on average 285.54 frame.
2024-04-10 15:41:40,409 [INFO] Frames in the DVORAK_CUSTOM dataset on average have the width of 720.0 .
2024-04-10 15:41:40,409 [INFO] Frames in the DVORAK_CUSTOM dataset on average have the height of 1280.0 .
2024-04-10 15:41:40,409 [INFO] Videos in the DVORAK_CUSTOM dataset contain on average have 29.76 FPS.
2024-04-10 15:41:43,884 [INFO] Finished Exploratory Data Analysis (EDA)
2024-04-10 15:41:43,884 [INFO] Started processing the DVORAK_CUSTOM dataset.
2024-04-10 15:41:43,885 [INFO] Loading processed data from pickle files.
2024-04-10 15:41:44,046 [INFO] Finished processing the DVORAK_CUSTOM dataset.
2024-04-10 15:41:44,152 [INFO] Building Human Activity Recognition Model - ConvLSTM variant.
2024-04-10 15:41:44,372 [INFO] Finished building Human Activity Recognition Model - ConvLSTM variant.
2024-04-10 15:46:21,201 [INFO] Confusion Matrix:
[[1 1 0 2]
 [0 1 0 0]
 [1 1 2 0]
 [0 0 0 4]]
2024-04-10 15:46:21,587 [INFO] Classification Report:
               precision    recall  f1-score   support

   high_jumps       0.50      0.25      0.33         4
        squat       0.33      1.00      0.50         1
       lunges       1.00      0.50      0.67         4
jumping_jacks       0.67      1.00      0.80         4

     accuracy                           0.62        13
    macro avg       0.62      0.69      0.57        13
 weighted avg       0.69      0.62      0.59        13
