2024-04-15 18:34:45,952 [INFO] Starting folder setup process.
2024-04-15 18:34:45,954 [INFO] Folder setup process finished successfully.
2024-04-15 18:34:45,955 [INFO] All necessary datasets are downloaded.
2024-04-15 18:34:45,955 [INFO] Starting Exploratory Data Analysis (EDA)
2024-04-15 18:34:45,956 [INFO] Running analysis on DVORAK_CUSTOM dataset.
2024-04-15 18:34:45,958 [INFO] The DVORAK_CUSTOM dataset contains 4 classes.
2024-04-15 18:34:53,375 [INFO] Data classes in the DVORAK_CUSTOM dataset contain on average 55.25 videos.
2024-04-15 18:34:53,376 [INFO] Videos in the DVORAK_CUSTOM dataset contain on average 269.18 frame.
2024-04-15 18:34:53,376 [INFO] Frames in the DVORAK_CUSTOM dataset on average have the width of 720.0 .
2024-04-15 18:34:53,376 [INFO] Frames in the DVORAK_CUSTOM dataset on average have the height of 1280.0 .
2024-04-15 18:34:53,376 [INFO] Videos in the DVORAK_CUSTOM dataset contain on average have 29.72 FPS.
2024-04-15 18:34:55,297 [INFO] Finished Exploratory Data Analysis (EDA)
2024-04-15 18:34:55,298 [INFO] Started processing the DVORAK_CUSTOM dataset.
2024-04-15 18:34:55,299 [INFO] Loading processed data from pickle files.
2024-04-15 18:34:55,404 [INFO] Finished processing the DVORAK_CUSTOM dataset.
2024-04-15 18:34:55,537 [INFO] Building Human Activity Recognition Model - ConvLSTM variant.
2024-04-15 18:34:55,719 [INFO] Finished building Human Activity Recognition Model - ConvLSTM variant.
2024-04-15 18:44:58,490 [INFO] Confusion Matrix:
[[1 1 0 2]
 [0 1 0 0]
 [0 3 1 0]
 [0 0 0 4]]
2024-04-15 18:44:58,855 [INFO] Classification Report:
               precision    recall  f1-score   support

   high_jumps       1.00      0.25      0.40         4
        squat       0.20      1.00      0.33         1
       lunges       1.00      0.25      0.40         4
jumping_jacks       0.67      1.00      0.80         4

     accuracy                           0.54        13
    macro avg       0.72      0.62      0.48        13
 weighted avg       0.84      0.54      0.52        13

2024-04-15 18:44:58,943 [INFO] Starting folder setup process.
2024-04-15 18:44:58,943 [INFO] Folder setup process finished successfully.
2024-04-15 18:44:58,943 [INFO] All necessary datasets are downloaded.
2024-04-15 18:44:58,944 [INFO] Starting Exploratory Data Analysis (EDA)
2024-04-15 18:44:58,944 [INFO] Running analysis on HMDB dataset.
2024-04-15 18:44:58,944 [INFO] The HMDB dataset contains 51 classes.
