2024-04-10 14:00:18,568 [INFO] Starting folder setup process.
2024-04-10 14:00:18,568 [INFO] Folder setup process finished successfully.
2024-04-10 14:00:18,568 [INFO] All necessary datasets are downloaded.
2024-04-10 14:00:18,568 [INFO] Starting Exploratory Data Analysis (EDA)
2024-04-10 14:00:18,568 [INFO] Running analysis on DVORAK_CUSTOM dataset.
2024-04-10 14:00:18,568 [INFO] The DVORAK_CUSTOM dataset contains 4 classes.
2024-04-10 14:00:23,589 [INFO] Data classes in the DVORAK_CUSTOM dataset contain on average 40.25 videos.
2024-04-10 14:00:23,589 [INFO] Videos in the DVORAK_CUSTOM dataset contain on average 285.54 frame.
2024-04-10 14:00:23,589 [INFO] Frames in the DVORAK_CUSTOM dataset on average have the width of 720.0 .
2024-04-10 14:00:23,589 [INFO] Frames in the DVORAK_CUSTOM dataset on average have the height of 1280.0 .
2024-04-10 14:00:23,589 [INFO] Videos in the DVORAK_CUSTOM dataset contain on average have 29.76 FPS.
2024-04-10 14:00:26,767 [INFO] Finished Exploratory Data Analysis (EDA)
2024-04-10 14:00:26,768 [INFO] Started processing the DVORAK_CUSTOM dataset.
2024-04-10 14:00:26,768 [INFO] Loading processed data from pickle files.
2024-04-10 14:00:26,925 [INFO] Finished processing the DVORAK_CUSTOM dataset.
2024-04-10 14:00:27,084 [INFO] Building Human Activity Recognition Model - ConvLSTM variant.
2024-04-10 14:00:27,335 [INFO] Finished building Human Activity Recognition Model - ConvLSTM variant.
2024-04-10 14:05:38,128 [INFO] Confusion Matrix:
[[1 0 1 2]
 [0 1 0 0]
 [0 0 4 0]
 [0 0 0 4]]
2024-04-10 14:05:38,409 [INFO] Classification Report:
               precision    recall  f1-score   support

   high_jumps       1.00      0.25      0.40         4
        squat       1.00      1.00      1.00         1
       lunges       0.80      1.00      0.89         4
jumping_jacks       0.67      1.00      0.80         4

     accuracy                           0.77        13
    macro avg       0.87      0.81      0.77        13
 weighted avg       0.84      0.77      0.72        13
