2024-04-10 15:56:48,987 [INFO] Starting folder setup process.
2024-04-10 15:56:48,987 [INFO] Folder setup process finished successfully.
2024-04-10 15:56:48,987 [INFO] All necessary datasets are downloaded.
2024-04-10 15:56:48,987 [INFO] Starting Exploratory Data Analysis (EDA)
2024-04-10 15:56:48,987 [INFO] Running analysis on DVORAK_CUSTOM dataset.
2024-04-10 15:56:48,988 [INFO] The DVORAK_CUSTOM dataset contains 4 classes.
2024-04-10 15:56:54,156 [INFO] Data classes in the DVORAK_CUSTOM dataset contain on average 40.25 videos.
2024-04-10 15:56:54,156 [INFO] Videos in the DVORAK_CUSTOM dataset contain on average 285.54 frame.
2024-04-10 15:56:54,156 [INFO] Frames in the DVORAK_CUSTOM dataset on average have the width of 720.0 .
2024-04-10 15:56:54,156 [INFO] Frames in the DVORAK_CUSTOM dataset on average have the height of 1280.0 .
2024-04-10 15:56:54,156 [INFO] Videos in the DVORAK_CUSTOM dataset contain on average have 29.76 FPS.
2024-04-10 15:56:57,306 [INFO] Finished Exploratory Data Analysis (EDA)
2024-04-10 15:56:57,306 [INFO] Started processing the DVORAK_CUSTOM dataset.
2024-04-10 15:56:57,307 [INFO] Loading processed data from pickle files.
2024-04-10 15:56:57,472 [INFO] Finished processing the DVORAK_CUSTOM dataset.
2024-04-10 15:56:57,594 [INFO] Building Human Activity Recognition Model - ConvLSTM variant.
2024-04-10 15:56:57,860 [INFO] Finished building Human Activity Recognition Model - ConvLSTM variant.
2024-04-10 16:02:02,289 [INFO] Confusion Matrix:
[[0 0 2 2]
 [0 1 0 0]
 [0 0 4 0]
 [0 0 0 4]]
2024-04-10 16:02:02,569 [INFO] Classification Report:
               precision    recall  f1-score   support

   high_jumps       0.00      0.00      0.00         4
        squat       1.00      1.00      1.00         1
       lunges       0.67      1.00      0.80         4
jumping_jacks       0.67      1.00      0.80         4

     accuracy                           0.69        13
    macro avg       0.58      0.75      0.65        13
 weighted avg       0.49      0.69      0.57        13
