2024-03-27 17:40:34,158 [INFO] Starting folder setup process.
2024-03-27 17:40:34,158 [INFO] Folder setup process finished successfully.
2024-03-27 17:40:34,158 [INFO] All necessary datasets are downloaded.
2024-03-27 17:40:34,158 [INFO] Starting Exploratory Data Analysis (EDA)
2024-03-27 17:40:34,158 [INFO] Running analysis on DVORAK_CUSTOM dataset.
2024-03-27 17:40:34,158 [INFO] The DVORAK_CUSTOM dataset contains 4 classes.
2024-03-27 17:40:35,071 [INFO] Data classes in the DVORAK_CUSTOM dataset contain on average 16.25 videos.
2024-03-27 17:40:35,072 [INFO] Videos in the DVORAK_CUSTOM dataset contain on average 279.95 frame.
2024-03-27 17:40:35,072 [INFO] Frames in the DVORAK_CUSTOM dataset on average have the width of 720.0 .
2024-03-27 17:40:35,072 [INFO] Frames in the DVORAK_CUSTOM dataset on average have the height of 1280.0 .
2024-03-27 17:40:35,072 [INFO] Videos in the DVORAK_CUSTOM dataset contain on average have 29.86 FPS.
2024-03-27 17:40:37,450 [INFO] Finished Exploratory Data Analysis (EDA)
2024-03-27 17:40:37,450 [INFO] Started processing the DVORAK_CUSTOM dataset.
2024-03-27 17:40:37,450 [INFO] Processing the 'high_jumps' data class.
2024-03-27 17:40:37,450 [INFO] Currently processing: '/home/peter/dp/Human_Activity_Video_Recognition/data/input/DVORAK_CUSTOM/high_jumps/20231209_120058.mp4'.
2024-03-27 17:40:39,110 [INFO] Currently processing: '/home/peter/dp/Human_Activity_Video_Recognition/data/input/DVORAK_CUSTOM/high_jumps/20231209_122721.mp4'.
2024-03-27 17:40:40,880 [INFO] Currently processing: '/home/peter/dp/Human_Activity_Video_Recognition/data/input/DVORAK_CUSTOM/high_jumps/20231209_120113.mp4'.
2024-03-27 17:40:43,608 [INFO] Currently processing: '/home/peter/dp/Human_Activity_Video_Recognition/data/input/DVORAK_CUSTOM/high_jumps/20231209_122130.mp4'.
2024-03-27 17:40:45,466 [INFO] Currently processing: '/home/peter/dp/Human_Activity_Video_Recognition/data/input/DVORAK_CUSTOM/high_jumps/20231209_120900.mp4'.
2024-03-27 17:40:47,177 [INFO] Currently processing: '/home/peter/dp/Human_Activity_Video_Recognition/data/input/DVORAK_CUSTOM/high_jumps/20231209_122107.mp4'.
2024-03-27 17:40:49,897 [INFO] Currently processing: '/home/peter/dp/Human_Activity_Video_Recognition/data/input/DVORAK_CUSTOM/high_jumps/20231209_121521.mp4'.
2024-03-27 17:40:51,580 [INFO] Currently processing: '/home/peter/dp/Human_Activity_Video_Recognition/data/input/DVORAK_CUSTOM/high_jumps/20231209_120940.mp4'.
2024-03-27 17:40:54,345 [INFO] Currently processing: '/home/peter/dp/Human_Activity_Video_Recognition/data/input/DVORAK_CUSTOM/high_jumps/20231209_120926.mp4'.
2024-03-27 17:40:56,117 [INFO] Currently processing: '/home/peter/dp/Human_Activity_Video_Recognition/data/input/DVORAK_CUSTOM/high_jumps/20231209_122118.mp4'.
2024-03-27 17:40:57,960 [INFO] Currently processing: '/home/peter/dp/Human_Activity_Video_Recognition/data/input/DVORAK_CUSTOM/high_jumps/20231209_122739.mp4'.
2024-03-27 17:41:00,418 [INFO] Currently processing: '/home/peter/dp/Human_Activity_Video_Recognition/data/input/DVORAK_CUSTOM/high_jumps/20231209_120919.mp4'.
2024-03-27 17:41:03,228 [INFO] Currently processing: '/home/peter/dp/Human_Activity_Video_Recognition/data/input/DVORAK_CUSTOM/high_jumps/20231209_121509.mp4'.
2024-03-27 17:41:05,027 [INFO] Currently processing: '/home/peter/dp/Human_Activity_Video_Recognition/data/input/DVORAK_CUSTOM/high_jumps/20231209_120129.mp4'.
2024-03-27 17:41:07,133 [INFO] Currently processing: '/home/peter/dp/Human_Activity_Video_Recognition/data/input/DVORAK_CUSTOM/high_jumps/20231209_121532.mp4'.
2024-03-27 17:41:09,927 [INFO] Processing the 'squat' data class.
2024-03-27 17:41:09,927 [INFO] Currently processing: '/home/peter/dp/Human_Activity_Video_Recognition/data/input/DVORAK_CUSTOM/squat/20231209_122641.mp4'.
2024-03-27 17:41:13,739 [INFO] Currently processing: '/home/peter/dp/Human_Activity_Video_Recognition/data/input/DVORAK_CUSTOM/squat/20231209_120842.mp4'.
2024-03-27 17:41:15,323 [INFO] Currently processing: '/home/peter/dp/Human_Activity_Video_Recognition/data/input/DVORAK_CUSTOM/squat/20231209_120808.mp4'.
2024-03-27 17:41:16,973 [INFO] Currently processing: '/home/peter/dp/Human_Activity_Video_Recognition/data/input/DVORAK_CUSTOM/squat/20231209_115635.mp4'.
2024-03-27 17:41:18,897 [INFO] Currently processing: '/home/peter/dp/Human_Activity_Video_Recognition/data/input/DVORAK_CUSTOM/squat/20231209_115715.mp4'.
2024-03-27 17:41:22,324 [INFO] Currently processing: '/home/peter/dp/Human_Activity_Video_Recognition/data/input/DVORAK_CUSTOM/squat/20231209_120828.mp4'.
2024-03-27 17:41:23,954 [INFO] Currently processing: '/home/peter/dp/Human_Activity_Video_Recognition/data/input/DVORAK_CUSTOM/squat/20231209_122702.mp4'.
2024-03-27 17:41:25,639 [INFO] Currently processing: '/home/peter/dp/Human_Activity_Video_Recognition/data/input/DVORAK_CUSTOM/squat/20231209_121330.mp4'.
2024-03-27 17:41:27,744 [INFO] Currently processing: '/home/peter/dp/Human_Activity_Video_Recognition/data/input/DVORAK_CUSTOM/squat/20231209_121315.mp4'.
2024-03-27 17:41:31,286 [INFO] Currently processing: '/home/peter/dp/Human_Activity_Video_Recognition/data/input/DVORAK_CUSTOM/squat/20231209_122021.mp4'.
2024-03-27 17:41:35,115 [INFO] Currently processing: '/home/peter/dp/Human_Activity_Video_Recognition/data/input/DVORAK_CUSTOM/squat/20231209_121343.mp4'.
2024-03-27 17:41:37,069 [INFO] Currently processing: '/home/peter/dp/Human_Activity_Video_Recognition/data/input/DVORAK_CUSTOM/squat/20231209_121956.mp4'.
2024-03-27 17:41:39,020 [INFO] Currently processing: '/home/peter/dp/Human_Activity_Video_Recognition/data/input/DVORAK_CUSTOM/squat/20231209_115653.mp4'.
2024-03-27 17:41:41,618 [INFO] Currently processing: '/home/peter/dp/Human_Activity_Video_Recognition/data/input/DVORAK_CUSTOM/squat/20231209_122622.mp4'.
2024-03-27 17:41:43,478 [INFO] Currently processing: '/home/peter/dp/Human_Activity_Video_Recognition/data/input/DVORAK_CUSTOM/squat/20231209_122008.mp4'.
2024-03-27 17:41:45,346 [INFO] Processing the 'lunges' data class.
2024-03-27 17:41:45,346 [INFO] Currently processing: '/home/peter/dp/Human_Activity_Video_Recognition/data/input/DVORAK_CUSTOM/lunges/20231209_121431.mp4'.
2024-03-27 17:41:47,567 [INFO] Currently processing: '/home/peter/dp/Human_Activity_Video_Recognition/data/input/DVORAK_CUSTOM/lunges/20231209_121849.mp4'.
2024-03-27 17:41:51,788 [INFO] Currently processing: '/home/peter/dp/Human_Activity_Video_Recognition/data/input/DVORAK_CUSTOM/lunges/20231209_120708.mp4'.
2024-03-27 17:41:53,903 [INFO] Currently processing: '/home/peter/dp/Human_Activity_Video_Recognition/data/input/DVORAK_CUSTOM/lunges/20231209_122529.mp4'.
2024-03-27 17:41:55,699 [INFO] Currently processing: '/home/peter/dp/Human_Activity_Video_Recognition/data/input/DVORAK_CUSTOM/lunges/20231209_121838.mp4'.
2024-03-27 17:41:57,824 [INFO] Currently processing: '/home/peter/dp/Human_Activity_Video_Recognition/data/input/DVORAK_CUSTOM/lunges/20231209_115953.mp4'.
2024-03-27 17:42:01,503 [INFO] Currently processing: '/home/peter/dp/Human_Activity_Video_Recognition/data/input/DVORAK_CUSTOM/lunges/20231209_115926.mp4'.
2024-03-27 17:42:05,704 [INFO] Currently processing: '/home/peter/dp/Human_Activity_Video_Recognition/data/input/DVORAK_CUSTOM/lunges/20231209_121444.mp4'.
2024-03-27 17:42:09,412 [INFO] Currently processing: '/home/peter/dp/Human_Activity_Video_Recognition/data/input/DVORAK_CUSTOM/lunges/20231209_121419.mp4'.
2024-03-27 17:42:11,059 [INFO] Currently processing: '/home/peter/dp/Human_Activity_Video_Recognition/data/input/DVORAK_CUSTOM/lunges/20231209_122559.mp4'.
2024-03-27 17:42:12,756 [INFO] Currently processing: '/home/peter/dp/Human_Activity_Video_Recognition/data/input/DVORAK_CUSTOM/lunges/20231209_120750.mp4'.
2024-03-27 17:42:14,795 [INFO] Currently processing: '/home/peter/dp/Human_Activity_Video_Recognition/data/input/DVORAK_CUSTOM/lunges/20231209_120733.mp4'.
2024-03-27 17:42:18,793 [INFO] Currently processing: '/home/peter/dp/Human_Activity_Video_Recognition/data/input/DVORAK_CUSTOM/lunges/20231209_122506.mp4'.
2024-03-27 17:42:22,206 [INFO] Currently processing: '/home/peter/dp/Human_Activity_Video_Recognition/data/input/DVORAK_CUSTOM/lunges/20231209_121901.mp4'.
2024-03-27 17:42:23,796 [INFO] Currently processing: '/home/peter/dp/Human_Activity_Video_Recognition/data/input/DVORAK_CUSTOM/lunges/20231209_120025.mp4'.
2024-03-27 17:42:25,747 [INFO] Currently processing: '/home/peter/dp/Human_Activity_Video_Recognition/data/input/DVORAK_CUSTOM/lunges/20231209_115854.mp4'.
2024-03-27 17:42:29,763 [INFO] Currently processing: '/home/peter/dp/Human_Activity_Video_Recognition/data/input/DVORAK_CUSTOM/lunges/20231209_120017.mp4'.
2024-03-27 17:42:33,042 [INFO] Processing the 'jumping_jacks' data class.
2024-03-27 17:42:33,042 [INFO] Currently processing: '/home/peter/dp/Human_Activity_Video_Recognition/data/input/DVORAK_CUSTOM/jumping_jacks/20231209_120536.mp4'.
2024-03-27 17:42:34,756 [INFO] Currently processing: '/home/peter/dp/Human_Activity_Video_Recognition/data/input/DVORAK_CUSTOM/jumping_jacks/20231209_121244.mp4'.
2024-03-27 17:42:36,458 [INFO] Currently processing: '/home/peter/dp/Human_Activity_Video_Recognition/data/input/DVORAK_CUSTOM/jumping_jacks/20231209_121230.mp4'.
2024-03-27 17:42:38,688 [INFO] Currently processing: '/home/peter/dp/Human_Activity_Video_Recognition/data/input/DVORAK_CUSTOM/jumping_jacks/20231209_115530.mp4'.
2024-03-27 17:42:42,050 [INFO] Currently processing: '/home/peter/dp/Human_Activity_Video_Recognition/data/input/DVORAK_CUSTOM/jumping_jacks/20231209_122413.mp4'.
2024-03-27 17:42:46,063 [INFO] Currently processing: '/home/peter/dp/Human_Activity_Video_Recognition/data/input/DVORAK_CUSTOM/jumping_jacks/20231209_120642.mp4'.
2024-03-27 17:42:47,699 [INFO] Currently processing: '/home/peter/dp/Human_Activity_Video_Recognition/data/input/DVORAK_CUSTOM/jumping_jacks/20231209_115350.mp4'.
2024-03-27 17:42:50,401 [INFO] Currently processing: '/home/peter/dp/Human_Activity_Video_Recognition/data/input/DVORAK_CUSTOM/jumping_jacks/20231209_121640.mp4'.
2024-03-27 17:42:52,971 [INFO] Currently processing: '/home/peter/dp/Human_Activity_Video_Recognition/data/input/DVORAK_CUSTOM/jumping_jacks/20231209_121626.mp4'.
2024-03-27 17:42:54,849 [INFO] Currently processing: '/home/peter/dp/Human_Activity_Video_Recognition/data/input/DVORAK_CUSTOM/jumping_jacks/20231209_115508.mp4'.
2024-03-27 17:42:56,462 [INFO] Currently processing: '/home/peter/dp/Human_Activity_Video_Recognition/data/input/DVORAK_CUSTOM/jumping_jacks/20231209_121257.mp4'.
2024-03-27 17:42:58,729 [INFO] Currently processing: '/home/peter/dp/Human_Activity_Video_Recognition/data/input/DVORAK_CUSTOM/jumping_jacks/20231209_115410.mp4'.
2024-03-27 17:43:00,939 [INFO] Currently processing: '/home/peter/dp/Human_Activity_Video_Recognition/data/input/DVORAK_CUSTOM/jumping_jacks/20231209_121652.mp4'.
2024-03-27 17:43:02,798 [INFO] Currently processing: '/home/peter/dp/Human_Activity_Video_Recognition/data/input/DVORAK_CUSTOM/jumping_jacks/20231209_120621.mp4'.
2024-03-27 17:43:04,815 [INFO] Currently processing: '/home/peter/dp/Human_Activity_Video_Recognition/data/input/DVORAK_CUSTOM/jumping_jacks/20231209_115328.mp4'.
2024-03-27 17:43:08,915 [INFO] Currently processing: '/home/peter/dp/Human_Activity_Video_Recognition/data/input/DVORAK_CUSTOM/jumping_jacks/20231209_122448.mp4'.
2024-03-27 17:43:10,883 [INFO] Currently processing: '/home/peter/dp/Human_Activity_Video_Recognition/data/input/DVORAK_CUSTOM/jumping_jacks/20231209_115544.mp4'.
2024-03-27 17:43:12,717 [INFO] Currently processing: '/home/peter/dp/Human_Activity_Video_Recognition/data/input/DVORAK_CUSTOM/jumping_jacks/20231209_122428.mp4'.
2024-03-27 17:43:15,449 [INFO] Saving processed data to /home/peter/dp/Human_Activity_Video_Recognition/data/processed/DVORAK_CUSTOM/features_C_4_W_32_H_32_S_40.pkl .
2024-03-27 17:43:15,449 [INFO] Creating pickle folder /home/peter/dp/Human_Activity_Video_Recognition/data/processed/DVORAK_CUSTOM for processed data.
2024-03-27 17:43:15,496 [INFO] Saving processed data to /home/peter/dp/Human_Activity_Video_Recognition/data/processed/DVORAK_CUSTOM/labels_C_4_W_32_H_32_S_40.pkl .
2024-03-27 17:43:15,496 [INFO] Creating pickle folder /home/peter/dp/Human_Activity_Video_Recognition/data/processed/DVORAK_CUSTOM for processed data.
2024-03-27 17:43:15,496 [INFO] Saving processed data to /home/peter/dp/Human_Activity_Video_Recognition/data/processed/DVORAK_CUSTOM/video_paths_C_4_W_32_H_32_S_40.pkl .
2024-03-27 17:43:15,496 [INFO] Creating pickle folder /home/peter/dp/Human_Activity_Video_Recognition/data/processed/DVORAK_CUSTOM for processed data.
2024-03-27 17:43:15,497 [INFO] Finished processing the DVORAK_CUSTOM dataset.
2024-03-27 17:43:15,540 [INFO] Building Human Activity Recognition Model - ConvLSTM variant.
2024-03-27 17:43:15,691 [INFO] Finished building Human Activity Recognition Model - ConvLSTM variant.
