2024-04-10 14:51:17,467 [INFO] Starting folder setup process.
2024-04-10 14:51:17,467 [INFO] Folder setup process finished successfully.
2024-04-10 14:51:17,467 [INFO] All necessary datasets are downloaded.
2024-04-10 14:51:17,467 [INFO] Starting Exploratory Data Analysis (EDA)
2024-04-10 14:51:17,468 [INFO] Running analysis on DVORAK_CUSTOM dataset.
2024-04-10 14:51:17,468 [INFO] The DVORAK_CUSTOM dataset contains 4 classes.
2024-04-10 14:51:22,442 [INFO] Data classes in the DVORAK_CUSTOM dataset contain on average 40.25 videos.
2024-04-10 14:51:22,442 [INFO] Videos in the DVORAK_CUSTOM dataset contain on average 285.54 frame.
2024-04-10 14:51:22,442 [INFO] Frames in the DVORAK_CUSTOM dataset on average have the width of 720.0 .
2024-04-10 14:51:22,442 [INFO] Frames in the DVORAK_CUSTOM dataset on average have the height of 1280.0 .
2024-04-10 14:51:22,443 [INFO] Videos in the DVORAK_CUSTOM dataset contain on average have 29.76 FPS.
2024-04-10 14:51:25,631 [INFO] Finished Exploratory Data Analysis (EDA)
2024-04-10 14:51:25,632 [INFO] Started processing the DVORAK_CUSTOM dataset.
2024-04-10 14:51:25,632 [INFO] Loading processed data from pickle files.
2024-04-10 14:51:25,788 [INFO] Finished processing the DVORAK_CUSTOM dataset.
2024-04-10 14:51:25,897 [INFO] Building Human Activity Recognition Model - ConvLSTM variant.
2024-04-10 14:51:26,105 [INFO] Finished building Human Activity Recognition Model - ConvLSTM variant.
2024-04-10 14:55:09,554 [INFO] Confusion Matrix:
[[0 1 0 3]
 [0 1 0 0]
 [0 4 0 0]
 [0 0 0 4]]
2024-04-10 14:55:09,913 [INFO] Classification Report:
               precision    recall  f1-score   support

   high_jumps       0.00      0.00      0.00         4
        squat       0.17      1.00      0.29         1
       lunges       0.00      0.00      0.00         4
jumping_jacks       0.57      1.00      0.73         4

     accuracy                           0.38        13
    macro avg       0.18      0.50      0.25        13
 weighted avg       0.19      0.38      0.25        13

