2024-05-09 13:21:46,942 [INFO] Starting folder setup process.
2024-05-09 13:21:46,945 [INFO] Folder setup process finished successfully.
2024-05-09 13:21:46,945 [INFO] All necessary datasets are downloaded.
2024-05-09 13:21:46,946 [INFO] Starting Exploratory Data Analysis (EDA)
2024-05-09 13:21:46,946 [INFO] Running analysis on DVORAK_CUSTOM dataset.
2024-05-09 13:21:46,947 [INFO] The DVORAK_CUSTOM dataset contains 4 classes.
2024-05-09 13:21:53,020 [INFO] Data classes in the DVORAK_CUSTOM dataset contain on average 55.25 videos.
2024-05-09 13:21:53,020 [INFO] Videos in the DVORAK_CUSTOM dataset contain on average 269.18 frame.
2024-05-09 13:21:53,020 [INFO] Frames in the DVORAK_CUSTOM dataset on average have the width of 720.0 .
2024-05-09 13:21:53,020 [INFO] Frames in the DVORAK_CUSTOM dataset on average have the height of 1280.0 .
2024-05-09 13:21:53,021 [INFO] Videos in the DVORAK_CUSTOM dataset contain on average have 29.72 FPS.
2024-05-09 13:21:56,568 [INFO] Finished Exploratory Data Analysis (EDA)
2024-05-09 13:21:56,569 [INFO] Started processing the DVORAK_CUSTOM dataset.
2024-05-09 13:21:56,569 [INFO] Loading processed data from pickle files.
2024-05-09 13:22:07,140 [INFO] Finished processing the DVORAK_CUSTOM dataset.
2024-05-09 13:22:08,011 [INFO] Building Human Activity Recognition Model - ResNet variant.
2024-05-09 13:22:08,768 [INFO] Finished building Human Activity Recognition Model - ResNet variant.
2024-05-09 13:22:08,774 [INFO] Model architecture: Model: "sequential"
┏━━━━━━━━━━━━━━━━━━━━━━━━━━━━━━━━━━━━━━┳━━━━━━━━━━━━━━━━━━━━━━━━━━━━━┳━━━━━━━━━━━━━━━━━┓
┃ Layer (type)                         ┃ Output Shape                ┃         Param # ┃
┡━━━━━━━━━━━━━━━━━━━━━━━━━━━━━━━━━━━━━━╇━━━━━━━━━━━━━━━━━━━━━━━━━━━━━╇━━━━━━━━━━━━━━━━━┩
│ time_distributed (TimeDistributed)   │ ?                           │      23,587,712 │
├──────────────────────────────────────┼─────────────────────────────┼─────────────────┤
│ time_distributed_1 (TimeDistributed) │ ?                           │     0 (unbuilt) │
├──────────────────────────────────────┼─────────────────────────────┼─────────────────┤
│ time_distributed_2 (TimeDistributed) │ ?                           │     0 (unbuilt) │
├──────────────────────────────────────┼─────────────────────────────┼─────────────────┤
│ time_distributed_3 (TimeDistributed) │ ?                           │     0 (unbuilt) │
├──────────────────────────────────────┼─────────────────────────────┼─────────────────┤
│ time_distributed_4 (TimeDistributed) │ ?                           │     0 (unbuilt) │
├──────────────────────────────────────┼─────────────────────────────┼─────────────────┤
│ time_distributed_5 (TimeDistributed) │ ?                           │     0 (unbuilt) │
├──────────────────────────────────────┼─────────────────────────────┼─────────────────┤
│ lstm (LSTM)                          │ ?                           │     0 (unbuilt) │
├──────────────────────────────────────┼─────────────────────────────┼─────────────────┤
│ dense_1 (Dense)                      │ ?                           │     0 (unbuilt) │
├──────────────────────────────────────┼─────────────────────────────┼─────────────────┤
│ dense_2 (Dense)                      │ ?                           │     0 (unbuilt) │
├──────────────────────────────────────┼─────────────────────────────┼─────────────────┤
│ dropout_1 (Dropout)                  │ ?                           │     0 (unbuilt) │
├──────────────────────────────────────┼─────────────────────────────┼─────────────────┤
│ dense_3 (Dense)                      │ ?                           │     0 (unbuilt) │
└──────────────────────────────────────┴─────────────────────────────┴─────────────────┘
 Total params: 23,587,712 (89.98 MB)
 Trainable params: 0 (0.00 B)
 Non-trainable params: 23,587,712 (89.98 MB)

2024-05-09 13:25:30,926 [INFO] Confusion Matrix:
[[5 2 0 0]
 [6 7 1 0]
 [1 1 7 3]
 [0 2 2 8]]
2024-05-09 13:25:31,019 [INFO] Classification Report:
               precision    recall  f1-score   support

   high_jumps       0.42      0.71      0.53         7
jumping_jacks       0.58      0.50      0.54        14
       lunges       0.70      0.58      0.64        12
        squat       0.73      0.67      0.70        12

     accuracy                           0.60        45
    macro avg       0.61      0.62      0.60        45
 weighted avg       0.63      0.60      0.60        45
