2024-04-06 06:39:10,747 [INFO] Starting folder setup process.
2024-04-06 06:39:10,752 [INFO] Folder setup process finished successfully.
2024-04-06 06:39:10,755 [INFO] All necessary datasets are downloaded.
2024-04-06 06:39:10,759 [INFO] Starting Exploratory Data Analysis (EDA)
2024-04-06 06:39:10,762 [INFO] Running analysis on UCF50 dataset.
2024-04-06 06:39:10,769 [INFO] The UCF50 dataset contains 50 classes.
2024-04-06 06:39:13,775 [INFO] Data classes in the UCF50 dataset contain on average 133.62 videos.
2024-04-06 06:39:13,783 [INFO] Videos in the UCF50 dataset contain on average 199.21 frame.
2024-04-06 06:39:13,790 [INFO] Frames in the UCF50 dataset on average have the width of 320.05 .
2024-04-06 06:39:13,796 [INFO] Frames in the UCF50 dataset on average have the height of 239.99 .
2024-04-06 06:39:13,802 [INFO] Videos in the UCF50 dataset contain on average have 26.56 FPS.
2024-04-06 06:39:16,742 [INFO] Finished Exploratory Data Analysis (EDA)
2024-04-06 06:39:16,749 [INFO] Started processing the UCF50 dataset.
2024-04-06 06:39:16,754 [INFO] Loading processed data from pickle files.
2024-04-06 06:39:17,079 [INFO] Finished processing the UCF50 dataset.
2024-04-06 06:39:18,395 [INFO] Building Human Activity Recognition Model - ConvLSTM variant.
2024-04-06 06:39:18,441 [INFO] Finished building Human Activity Recognition Model - ConvLSTM variant.
2024-04-06 06:39:18,449 [INFO] Model architecture: Model: "sequential_170"
┏━━━━━━━━━━━━━━━━━━━━━━━━━━━━━━━━━━━━━━┳━━━━━━━━━━━━━━━━━━━━━━━━━━━━━┳━━━━━━━━━━━━━━━━━┓
┃ Layer (type)                         ┃ Output Shape                ┃         Param # ┃
┡━━━━━━━━━━━━━━━━━━━━━━━━━━━━━━━━━━━━━━╇━━━━━━━━━━━━━━━━━━━━━━━━━━━━━╇━━━━━━━━━━━━━━━━━┩
│ conv_lstm2d_680 (ConvLSTM2D)         │ (None, 20, 30, 30, 4)       │           1,024 │
├──────────────────────────────────────┼─────────────────────────────┼─────────────────┤
│ max_pooling3d_680 (MaxPooling3D)     │ (None, 20, 15, 15, 4)       │               0 │
├──────────────────────────────────────┼─────────────────────────────┼─────────────────┤
│ time_distributed_510                 │ (None, 20, 15, 15, 4)       │               0 │
│ (TimeDistributed)                    │                             │                 │
├──────────────────────────────────────┼─────────────────────────────┼─────────────────┤
│ conv_lstm2d_681 (ConvLSTM2D)         │ (None, 20, 13, 13, 8)       │           3,488 │
├──────────────────────────────────────┼─────────────────────────────┼─────────────────┤
│ max_pooling3d_681 (MaxPooling3D)     │ (None, 20, 7, 7, 8)         │               0 │
├──────────────────────────────────────┼─────────────────────────────┼─────────────────┤
│ time_distributed_511                 │ (None, 20, 7, 7, 8)         │               0 │
│ (TimeDistributed)                    │                             │                 │
├──────────────────────────────────────┼─────────────────────────────┼─────────────────┤
│ conv_lstm2d_682 (ConvLSTM2D)         │ (None, 20, 5, 5, 14)        │          11,144 │
├──────────────────────────────────────┼─────────────────────────────┼─────────────────┤
│ max_pooling3d_682 (MaxPooling3D)     │ (None, 20, 3, 3, 14)        │               0 │
├──────────────────────────────────────┼─────────────────────────────┼─────────────────┤
│ time_distributed_512                 │ (None, 20, 3, 3, 14)        │               0 │
│ (TimeDistributed)                    │                             │                 │
├──────────────────────────────────────┼─────────────────────────────┼─────────────────┤
│ conv_lstm2d_683 (ConvLSTM2D)         │ (None, 20, 1, 1, 16)        │          17,344 │
├──────────────────────────────────────┼─────────────────────────────┼─────────────────┤
│ max_pooling3d_683 (MaxPooling3D)     │ (None, 20, 1, 1, 16)        │               0 │
├──────────────────────────────────────┼─────────────────────────────┼─────────────────┤
│ flatten_170 (Flatten)                │ (None, 320)                 │               0 │
├──────────────────────────────────────┼─────────────────────────────┼─────────────────┤
│ dense_170 (Dense)                    │ (None, 20)                  │           6,420 │
└──────────────────────────────────────┴─────────────────────────────┴─────────────────┘
 Total params: 39,420 (153.98 KB)
 Trainable params: 39,420 (153.98 KB)
 Non-trainable params: 0 (0.00 B)

2024-04-06 06:46:20,639 [INFO] Confusion Matrix:
[[21  0  0  0  0  0  0  0  0  0  0  0  0  0  0  0  0  0  0  0]
 [ 0 35  0  0  0  0  0  1  0  0  0  0  0  0  0  0  0  0  0  0]
 [ 0  0 17  0  0  0  0  0  0  0  0  0  0  0  1  0  0  0  0  0]
 [ 0  0  0 22  0  0  0  0  1  0  0  0  0  0  0  1  2  0  0  1]
 [ 0  0  0  0 28  0  0  0  0  0  0  1  0  0  0  0  0  1  0  0]
 [ 1  0  0  0  0 16  0  0  0  0  0  3  0  0  1  4  1  0  0  0]
 [ 0  0  0  0  0  0 32  0  0  0  0  0  0  0  0  0  0  0  0  0]
 [ 0  0  0  0  0  1  0 23  1  0  0  0  1  0  0  0  0  1  0  0]
 [ 0  0  0  0  0  2  0  0 32  2  0  0  1  0  0  0  0  0  0  2]
 [ 0  0  0  0  0  0  0  1  0 28  0  0  0  0  0  0  0  2  0  0]
 [ 1  0  0  0  2  0  0  0  1  0 17  0  0  0  0  0  0  0  0  0]
 [ 1  0  0  0  0  1  0  0  0  0  0 17  1  0  2  1  0  0  0  0]
 [ 0  0  2  0  0  1  1  3  0  0  0  0 12  0  0  0  1  0  0  0]
 [ 0  0  2  0  0  0  0  0  0  0  0  1  0 14  0  0  1  0  1  0]
 [ 0  0  1  0  0  1  0  0  0  0  0  0  0  0 21  0  5  0  3  0]
 [ 0  0  0  0  0  0  0  0  0  0  0  0  0  1  0 37  0  0  0  0]
 [ 0  0  0  0  0  0  0  0  1  1  0  1  0  2  0  0 20  1  1  0]
 [ 0  0  0  0  0  1  0  0  0  0  1  0  1  0  0  0  0 21  0  1]
 [ 0  0  0  0  0  0  0  0  0  0  0  0  0  1  1  0  0  0 24  0]
 [ 0  0  0  0  0  0  1  0  0  1  1  0  0  0  0  0  0  0  0 33]]
2024-04-06 06:46:20,851 [INFO] Classification Report:
                    precision    recall  f1-score   support

       JumpingJack       0.88      1.00      0.93        21
         Billiards       1.00      0.97      0.99        36
            Skijet       0.77      0.94      0.85        18
      PlayingPiano       1.00      0.81      0.90        27
     PlayingGuitar       0.93      0.93      0.93        30
        Basketball       0.70      0.62      0.65        26
        BenchPress       0.94      1.00      0.97        32
            Diving       0.82      0.85      0.84        27
         Nunchucks       0.89      0.82      0.85        39
             Punch       0.88      0.90      0.89        31
     JugglingBalls       0.89      0.81      0.85        21
 VolleyballSpiking       0.74      0.74      0.74        23
 TrampolineJumping       0.75      0.60      0.67        20
     SkateBoarding       0.78      0.74      0.76        19
         PoleVault       0.81      0.68      0.74        31
       TennisSwing       0.86      0.97      0.91        38
RockClimbingIndoor       0.67      0.74      0.70        27
          HulaHoop       0.81      0.84      0.82        25
         HorseRace       0.83      0.92      0.87        26
          Drumming       0.89      0.92      0.90        36

          accuracy                           0.85       553
         macro avg       0.84      0.84      0.84       553
      weighted avg       0.85      0.85      0.85       553
